# JRE version: OpenJDK Runtime Environment (17.0.10) (build 17.0.10+0--11572160)
# Java VM: OpenJDK 64-Bit Server VM (17.0.10+0--11572160, mixed mode, tiered, compressed oops, compressed class ptrs, g1 gc, windows-amd64)
GC Precious Log:
 CPUs: 4 total, 4 available
 Memory: 6051M
 Large Page Support: Disabled
 NUMA Support: Disabled
 Compressed Oops: Enabled (Zero based)
 Heap Region Size: 2M
 Heap Min Capacity: 8M
 Heap Initial Capacity: 96M
 Heap Max Capacity: 4G
 Pre-touch: Disabled
 Parallel Workers: 4
 Concurrent Workers: 1
 Concurrent Refinement Workers: 4
 Periodic GC: Disabled
Heap:
 garbage-first heap   total 860160K, used 419718K [0x0000000700000000, 0x0000000800000000)
  region size 2048K, 17 young (34816K), 17 survivors (34816K)
 Metaspace       used 213704K, committed 215360K, reserved 1245184K
  class space    used 28027K, committed 28736K, reserved 1048576K
GC Heap History (20 events):
Event: 1522.420 GC heap after
{Heap after GC invocations=100 (full 0):
 garbage-first heap   total 856064K, used 292860K [0x0000000700000000, 0x0000000800000000)
  region size 2048K, 3 young (6144K), 3 survivors (6144K)
 Metaspace       used 207179K, committed 208448K, reserved 1245184K
  class space    used 27286K, committed 27904K, reserved 1048576K
}
Event: 1534.028 GC heap before
{Heap before GC invocations=100 (full 0):
 garbage-first heap   total 856064K, used 325628K [0x0000000700000000, 0x0000000800000000)
  region size 2048K, 20 young (40960K), 3 survivors (6144K)
 Metaspace       used 207248K, committed 208512K, reserved 1245184K
  class space    used 27292K, committed 27904K, reserved 1048576K
}
Event: 1534.069 GC heap after
{Heap after GC invocations=101 (full 0):
 garbage-first heap   total 856064K, used 284326K [0x0000000700000000, 0x0000000800000000)
  region size 2048K, 2 young (4096K), 2 survivors (4096K)
 Metaspace       used 207248K, committed 208512K, reserved 1245184K
  class space    used 27292K, committed 27904K, reserved 1048576K
}
Event: 1690.483 GC heap before
{Heap before GC invocations=101 (full 0):
 garbage-first heap   total 856064K, used 818854K [0x0000000700000000, 0x0000000800000000)
  region size 2048K, 131 young (268288K), 2 survivors (4096K)
 Metaspace       used 208182K, committed 209664K, reserved 1245184K
  class space    used 27396K, committed 28096K, reserved 1048576K
}
Event: 1690.577 GC heap after
{Heap after GC invocations=102 (full 0):
 garbage-first heap   total 856064K, used 306569K [0x0000000700000000, 0x0000000800000000)
  region size 2048K, 13 young (26624K), 13 survivors (26624K)
 Metaspace       used 208182K, committed 209664K, reserved 1245184K
  class space    used 27396K, committed 28096K, reserved 1048576K
}
Event: 1764.168 GC heap before
{Heap before GC invocations=102 (full 0):
 garbage-first heap   total 856064K, used 368009K [0x0000000700000000, 0x0000000800000000)
  region size 2048K, 45 young (92160K), 13 survivors (26624K)
 Metaspace       used 208651K, committed 210240K, reserved 1245184K
  class space    used 27477K, committed 28224K, reserved 1048576K
}
Event: 1764.220 GC heap after
{Heap after GC invocations=103 (full 0):
 garbage-first heap   total 856064K, used 313849K [0x0000000700000000, 0x0000000800000000)
  region size 2048K, 16 young (32768K), 16 survivors (32768K)
 Metaspace       used 208651K, committed 210240K, reserved 1245184K
  class space    used 27477K, committed 28224K, reserved 1048576K
}
Event: 1772.165 GC heap before
{Heap before GC invocations=104 (full 0):
 garbage-first heap   total 856064K, used 776697K [0x0000000700000000, 0x0000000800000000)
  region size 2048K, 181 young (370688K), 16 survivors (32768K)
 Metaspace       used 213524K, committed 215104K, reserved 1245184K
  class space    used 28006K, committed 28736K, reserved 1048576K
}
Event: 1772.271 GC heap after
{Heap after GC invocations=105 (full 0):
 garbage-first heap   total 860160K, used 353643K [0x0000000700000000, 0x0000000800000000)
  region size 2048K, 25 young (51200K), 25 survivors (51200K)
 Metaspace       used 213524K, committed 215104K, reserved 1245184K
  class space    used 28006K, committed 28736K, reserved 1048576K
}
Event: 1772.280 GC heap before
{Heap before GC invocations=105 (full 0):
 garbage-first heap   total 860160K, used 355691K [0x0000000700000000, 0x0000000800000000)
  region size 2048K, 26 young (53248K), 25 survivors (51200K)
 Metaspace       used 213529K, committed 215104K, reserved 1245184K
  class space    used 28006K, committed 28736K, reserved 1048576K
}
Event: 1772.369 GC heap after
{Heap after GC invocations=106 (full 0):
 garbage-first heap   total 860160K, used 297727K [0x0000000700000000, 0x0000000800000000)
  region size 2048K, 2 young (4096K), 2 survivors (4096K)
 Metaspace       used 213529K, committed 215104K, reserved 1245184K
  class space    used 28006K, committed 28736K, reserved 1048576K
}
Event: 1774.935 GC heap before
{Heap before GC invocations=106 (full 0):
 garbage-first heap   total 860160K, used 666367K [0x0000000700000000, 0x0000000800000000)
  region size 2048K, 183 young (374784K), 2 survivors (4096K)
 Metaspace       used 213643K, committed 215296K, reserved 1245184K
  class space    used 28027K, committed 28736K, reserved 1048576K
}
Event: 1775.080 GC heap after
{Heap after GC invocations=107 (full 0):
 garbage-first heap   total 860160K, used 372493K [0x0000000700000000, 0x0000000800000000)
  region size 2048K, 23 young (47104K), 23 survivors (47104K)
 Metaspace       used 213643K, committed 215296K, reserved 1245184K
  class space    used 28027K, committed 28736K, reserved 1048576K
}
Event: 1775.205 GC heap before
{Heap before GC invocations=107 (full 0):
 garbage-first heap   total 860160K, used 405261K [0x0000000700000000, 0x0000000800000000)
  region size 2048K, 40 young (81920K), 23 survivors (47104K)
 Metaspace       used 213643K, committed 215296K, reserved 1245184K
  class space    used 28027K, committed 28736K, reserved 1048576K
}
Event: 1775.316 GC heap after
{Heap after GC invocations=108 (full 0):
 garbage-first heap   total 860160K, used 381709K [0x0000000700000000, 0x0000000800000000)
  region size 2048K, 4 young (8192K), 4 survivors (8192K)
 Metaspace       used 213643K, committed 215296K, reserved 1245184K
  class space    used 28027K, committed 28736K, reserved 1048576K
}
Event: 1777.855 GC heap before
{Heap before GC invocations=109 (full 0):
 garbage-first heap   total 860160K, used 668429K [0x0000000700000000, 0x0000000800000000)
  region size 2048K, 139 young (284672K), 4 survivors (8192K)
 Metaspace       used 213648K, committed 215296K, reserved 1245184K
  class space    used 28027K, committed 28736K, reserved 1048576K
}
Event: 1777.927 GC heap after
{Heap after GC invocations=110 (full 0):
 garbage-first heap   total 860160K, used 410381K [0x0000000700000000, 0x0000000800000000)
  region size 2048K, 13 young (26624K), 13 survivors (26624K)
 Metaspace       used 213648K, committed 215296K, reserved 1245184K
  class space    used 28027K, committed 28736K, reserved 1048576K
}
Event: 1778.098 GC heap before
{Heap before GC invocations=110 (full 0):
 garbage-first heap   total 860160K, used 426765K [0x0000000700000000, 0x0000000800000000)
  region size 2048K, 21 young (43008K), 13 survivors (26624K)
 Metaspace       used 213648K, committed 215296K, reserved 1245184K
  class space    used 28027K, committed 28736K, reserved 1048576K
}
Event: 1778.199 GC heap after
{Heap after GC invocations=111 (full 0):
 garbage-first heap   total 860160K, used 390987K [0x0000000700000000, 0x0000000800000000)
  region size 2048K, 3 young (6144K), 3 survivors (6144K)
 Metaspace       used 213648K, committed 215296K, reserved 1245184K
  class space    used 28027K, committed 28736K, reserved 1048576K
}
Event: 1781.016 GC heap before
{Heap before GC invocations=111 (full 0):
 garbage-first heap   total 860160K, used 669515K [0x0000000700000000, 0x0000000800000000)
  region size 2048K, 139 young (284672K), 3 survivors (6144K)
 Metaspace       used 213704K, committed 215360K, reserved 1245184K
  class space    used 28027K, committed 28736K, reserved 1048576K
}

