# JRE version: OpenJDK Runtime Environment (17.0.10) (build 17.0.10+0--11572160)
# Java VM: OpenJDK 64-Bit Server VM (17.0.10+0--11572160, mixed mode, tiered, compressed oops, compressed class ptrs, g1 gc, windows-amd64)
GC Precious Log:
 CPUs: 4 total, 4 available
 Memory: 6051M
 Large Page Support: Disabled
 NUMA Support: Disabled
 Compressed Oops: Enabled (Zero based)
 Heap Region Size: 4M
 Heap Min Capacity: 8M
 Heap Initial Capacity: 96M
 Heap Max Capacity: 5G
 Pre-touch: Disabled
 Parallel Workers: 4
 Concurrent Workers: 1
 Concurrent Refinement Workers: 4
 Periodic GC: Disabled
Heap:
 garbage-first heap   total 839680K, used 300143K [0x00000006c0000000, 0x0000000800000000)
  region size 4096K, 36 young (147456K), 14 survivors (57344K)
 Metaspace       used 157095K, committed 158208K, reserved 1245184K
  class space    used 20858K, committed 21376K, reserved 1048576K
GC Heap History (20 events):
Event: 87.469 GC heap before
{Heap before GC invocations=68 (full 0):
 garbage-first heap   total 462848K, used 397563K [0x00000006c0000000, 0x0000000800000000)
  region size 4096K, 60 young (245760K), 2 survivors (8192K)
 Metaspace       used 136261K, committed 137280K, reserved 1179648K
  class space    used 18010K, committed 18496K, reserved 1048576K
}
Event: 87.475 GC heap after
{Heap after GC invocations=69 (full 0):
 garbage-first heap   total 462848K, used 157864K [0x00000006c0000000, 0x0000000800000000)
  region size 4096K, 1 young (4096K), 1 survivors (4096K)
 Metaspace       used 136261K, committed 137280K, reserved 1179648K
  class space    used 18010K, committed 18496K, reserved 1048576K
}
Event: 88.339 GC heap before
{Heap before GC invocations=69 (full 0):
 garbage-first heap   total 462848K, used 211112K [0x00000006c0000000, 0x0000000800000000)
  region size 4096K, 10 young (40960K), 1 survivors (4096K)
 Metaspace       used 138027K, committed 139072K, reserved 1179648K
  class space    used 18248K, committed 18752K, reserved 1048576K
}
Event: 88.350 GC heap after
{Heap after GC invocations=70 (full 0):
 garbage-first heap   total 462848K, used 184844K [0x00000006c0000000, 0x0000000800000000)
  region size 4096K, 2 young (8192K), 2 survivors (8192K)
 Metaspace       used 138027K, committed 139072K, reserved 1179648K
  class space    used 18248K, committed 18752K, reserved 1048576K
}
Event: 88.664 GC heap before
{Heap before GC invocations=70 (full 0):
 garbage-first heap   total 462848K, used 233996K [0x00000006c0000000, 0x0000000800000000)
  region size 4096K, 3 young (12288K), 2 survivors (8192K)
 Metaspace       used 138058K, committed 139072K, reserved 1179648K
  class space    used 18253K, committed 18752K, reserved 1048576K
}
Event: 88.675 GC heap after
{Heap after GC invocations=71 (full 0):
 garbage-first heap   total 462848K, used 234337K [0x00000006c0000000, 0x0000000800000000)
  region size 4096K, 2 young (8192K), 2 survivors (8192K)
 Metaspace       used 138058K, committed 139072K, reserved 1179648K
  class space    used 18253K, committed 18752K, reserved 1048576K
}
Event: 89.733 GC heap before
{Heap before GC invocations=72 (full 0):
 garbage-first heap   total 487424K, used 283489K [0x00000006c0000000, 0x0000000800000000)
  region size 4096K, 3 young (12288K), 2 survivors (8192K)
 Metaspace       used 138074K, committed 139136K, reserved 1179648K
  class space    used 18253K, committed 18752K, reserved 1048576K
}
Event: 89.747 GC heap after
{Heap after GC invocations=73 (full 0):
 garbage-first heap   total 487424K, used 283457K [0x00000006c0000000, 0x0000000800000000)
  region size 4096K, 2 young (8192K), 2 survivors (8192K)
 Metaspace       used 138074K, committed 139136K, reserved 1179648K
  class space    used 18253K, committed 18752K, reserved 1048576K
}
Event: 90.510 GC heap before
{Heap before GC invocations=74 (full 0):
 garbage-first heap   total 610304K, used 414529K [0x00000006c0000000, 0x0000000800000000)
  region size 4096K, 5 young (20480K), 2 survivors (8192K)
 Metaspace       used 138091K, committed 139136K, reserved 1179648K
  class space    used 18255K, committed 18752K, reserved 1048576K
}
Event: 90.524 GC heap after
{Heap after GC invocations=75 (full 0):
 garbage-first heap   total 610304K, used 299902K [0x00000006c0000000, 0x0000000800000000)
  region size 4096K, 2 young (8192K), 2 survivors (8192K)
 Metaspace       used 138091K, committed 139136K, reserved 1179648K
  class space    used 18255K, committed 18752K, reserved 1048576K
}
Event: 91.290 GC heap before
{Heap before GC invocations=76 (full 0):
 garbage-first heap   total 753664K, used 566142K [0x00000006c0000000, 0x0000000800000000)
  region size 4096K, 3 young (12288K), 2 survivors (8192K)
 Metaspace       used 138091K, committed 139136K, reserved 1179648K
  class space    used 18255K, committed 18752K, reserved 1048576K
}
Event: 91.308 GC heap after
{Heap after GC invocations=77 (full 0):
 garbage-first heap   total 753664K, used 377713K [0x00000006c0000000, 0x0000000800000000)
  region size 4096K, 2 young (8192K), 2 survivors (8192K)
 Metaspace       used 138091K, committed 139136K, reserved 1179648K
  class space    used 18255K, committed 18752K, reserved 1048576K
}
Event: 92.039 GC heap before
{Heap before GC invocations=78 (full 0):
 garbage-first heap   total 839680K, used 516977K [0x00000006c0000000, 0x0000000800000000)
  region size 4096K, 5 young (20480K), 2 survivors (8192K)
 Metaspace       used 138099K, committed 139136K, reserved 1179648K
  class space    used 18255K, committed 18752K, reserved 1048576K
}
Event: 92.053 GC heap after
{Heap after GC invocations=79 (full 0):
 garbage-first heap   total 839680K, used 271213K [0x00000006c0000000, 0x0000000800000000)
  region size 4096K, 2 young (8192K), 2 survivors (8192K)
 Metaspace       used 138099K, committed 139136K, reserved 1179648K
  class space    used 18255K, committed 18752K, reserved 1048576K
}
Event: 93.278 GC heap before
{Heap before GC invocations=80 (full 0):
 garbage-first heap   total 839680K, used 340845K [0x00000006c0000000, 0x0000000800000000)
  region size 4096K, 6 young (24576K), 2 survivors (8192K)
 Metaspace       used 138137K, committed 139136K, reserved 1179648K
  class space    used 18256K, committed 18752K, reserved 1048576K
}
Event: 93.292 GC heap after
{Heap after GC invocations=81 (full 0):
 garbage-first heap   total 839680K, used 197901K [0x00000006c0000000, 0x0000000800000000)
  region size 4096K, 2 young (8192K), 2 survivors (8192K)
 Metaspace       used 138137K, committed 139136K, reserved 1179648K
  class space    used 18256K, committed 18752K, reserved 1048576K
}
Event: 109.248 GC heap before
{Heap before GC invocations=81 (full 0):
 garbage-first heap   total 839680K, used 800013K [0x00000006c0000000, 0x0000000800000000)
  region size 4096K, 123 young (503808K), 2 survivors (8192K)
 Metaspace       used 155696K, committed 156800K, reserved 1245184K
  class space    used 20707K, committed 21248K, reserved 1048576K
}
Event: 109.296 GC heap after
{Heap after GC invocations=82 (full 0):
 garbage-first heap   total 839680K, used 182604K [0x00000006c0000000, 0x0000000800000000)
  region size 4096K, 7 young (28672K), 7 survivors (28672K)
 Metaspace       used 155696K, committed 156800K, reserved 1245184K
  class space    used 20707K, committed 21248K, reserved 1048576K
}
Event: 115.419 GC heap before
{Heap before GC invocations=82 (full 0):
 garbage-first heap   total 839680K, used 657740K [0x00000006c0000000, 0x0000000800000000)
  region size 4096K, 123 young (503808K), 7 survivors (28672K)
 Metaspace       used 157080K, committed 158208K, reserved 1245184K
  class space    used 20858K, committed 21376K, reserved 1048576K
}
Event: 115.481 GC heap after
{Heap after GC invocations=83 (full 0):
 garbage-first heap   total 839680K, used 214127K [0x00000006c0000000, 0x0000000800000000)
  region size 4096K, 14 young (57344K), 14 survivors (57344K)
 Metaspace       used 157080K, committed 158208K, reserved 1245184K
  class space    used 20858K, committed 21376K, reserved 1048576K
}

