# JRE version: OpenJDK Runtime Environment (17.0.10) (build 17.0.10+0--11572160)
# Java VM: OpenJDK 64-Bit Server VM (17.0.10+0--11572160, mixed mode, tiered, compressed oops, compressed class ptrs, g1 gc, windows-amd64)
GC Precious Log:
 CPUs: 4 total, 4 available
 Memory: 6051M
 Large Page Support: Disabled
 NUMA Support: Disabled
 Compressed Oops: Enabled (Zero based)
 Heap Region Size: 2M
 Heap Min Capacity: 8M
 Heap Initial Capacity: 96M
 Heap Max Capacity: 4G
 Pre-touch: Disabled
 Parallel Workers: 4
 Concurrent Workers: 1
 Concurrent Refinement Workers: 4
 Periodic GC: Disabled
Heap:
 garbage-first heap   total 622592K, used 271508K [0x0000000700000000, 0x0000000800000000)
  region size 2048K, 1 young (2048K), 1 survivors (2048K)
 Metaspace       used 171331K, committed 172736K, reserved 1245184K
  class space    used 22565K, committed 23232K, reserved 1048576K
GC Heap History (20 events):
Event: 187.903 GC heap after
{Heap after GC invocations=82 (full 0):
 garbage-first heap   total 614400K, used 391001K [0x0000000700000000, 0x0000000800000000)
  region size 2048K, 1 young (2048K), 1 survivors (2048K)
 Metaspace       used 159601K, committed 160832K, reserved 1245184K
  class space    used 21242K, committed 21824K, reserved 1048576K
}
Event: 404.512 GC heap before
{Heap before GC invocations=82 (full 0):
 garbage-first heap   total 614400K, used 509785K [0x0000000700000000, 0x0000000800000000)
  region size 2048K, 15 young (30720K), 1 survivors (2048K)
 Metaspace       used 160292K, committed 161472K, reserved 1245184K
  class space    used 21342K, committed 21888K, reserved 1048576K
}
Event: 404.539 GC heap after
{Heap after GC invocations=83 (full 0):
 garbage-first heap   total 614400K, used 192149K [0x0000000700000000, 0x0000000800000000)
  region size 2048K, 1 young (2048K), 1 survivors (2048K)
 Metaspace       used 160292K, committed 161472K, reserved 1245184K
  class space    used 21342K, committed 21888K, reserved 1048576K
}
Event: 1778.274 GC heap before
{Heap before GC invocations=83 (full 0):
 garbage-first heap   total 614400K, used 460437K [0x0000000700000000, 0x0000000800000000)
  region size 2048K, 134 young (274432K), 1 survivors (2048K)
 Metaspace       used 167057K, committed 168320K, reserved 1245184K
  class space    used 22177K, committed 22784K, reserved 1048576K
}
Event: 1778.327 GC heap after
{Heap after GC invocations=84 (full 0):
 garbage-first heap   total 614400K, used 216873K [0x0000000700000000, 0x0000000800000000)
  region size 2048K, 13 young (26624K), 13 survivors (26624K)
 Metaspace       used 167057K, committed 168320K, reserved 1245184K
  class space    used 22177K, committed 22784K, reserved 1048576K
}
Event: 1887.139 GC heap before
{Heap before GC invocations=85 (full 0):
 garbage-first heap   total 614400K, used 495401K [0x0000000700000000, 0x0000000800000000)
  region size 2048K, 146 young (299008K), 13 survivors (26624K)
 Metaspace       used 168838K, committed 170112K, reserved 1245184K
  class space    used 22297K, committed 22912K, reserved 1048576K
}
Event: 1887.198 GC heap after
{Heap after GC invocations=86 (full 0):
 garbage-first heap   total 614400K, used 230410K [0x0000000700000000, 0x0000000800000000)
  region size 2048K, 5 young (10240K), 5 survivors (10240K)
 Metaspace       used 168838K, committed 170112K, reserved 1245184K
  class space    used 22297K, committed 22912K, reserved 1048576K
}
Event: 1887.422 GC heap before
{Heap before GC invocations=86 (full 0):
 garbage-first heap   total 614400K, used 267274K [0x0000000700000000, 0x0000000800000000)
  region size 2048K, 15 young (30720K), 5 survivors (10240K)
 Metaspace       used 168882K, committed 170176K, reserved 1245184K
  class space    used 22299K, committed 22912K, reserved 1048576K
}
Event: 1887.464 GC heap after
{Heap after GC invocations=87 (full 0):
 garbage-first heap   total 614400K, used 228228K [0x0000000700000000, 0x0000000800000000)
  region size 2048K, 2 young (4096K), 2 survivors (4096K)
 Metaspace       used 168882K, committed 170176K, reserved 1245184K
  class space    used 22299K, committed 22912K, reserved 1048576K
}
Event: 1887.531 GC heap before
{Heap before GC invocations=87 (full 0):
 garbage-first heap   total 614400K, used 236420K [0x0000000700000000, 0x0000000800000000)
  region size 2048K, 7 young (14336K), 2 survivors (4096K)
 Metaspace       used 168934K, committed 170240K, reserved 1245184K
  class space    used 22306K, committed 22912K, reserved 1048576K
}
Event: 1887.552 GC heap after
{Heap after GC invocations=88 (full 0):
 garbage-first heap   total 614400K, used 229620K [0x0000000700000000, 0x0000000800000000)
  region size 2048K, 3 young (6144K), 3 survivors (6144K)
 Metaspace       used 168934K, committed 170240K, reserved 1245184K
  class space    used 22306K, committed 22912K, reserved 1048576K
}
Event: 1892.264 GC heap before
{Heap before GC invocations=89 (full 0):
 garbage-first heap   total 614400K, used 561396K [0x0000000700000000, 0x0000000800000000)
  region size 2048K, 132 young (270336K), 3 survivors (6144K)
 Metaspace       used 169688K, committed 171008K, reserved 1245184K
  class space    used 22390K, committed 23040K, reserved 1048576K
}
Event: 1892.362 GC heap after
{Heap after GC invocations=90 (full 0):
 garbage-first heap   total 622592K, used 289141K [0x0000000700000000, 0x0000000800000000)
  region size 2048K, 17 young (34816K), 17 survivors (34816K)
 Metaspace       used 169688K, committed 171008K, reserved 1245184K
  class space    used 22390K, committed 23040K, reserved 1048576K
}
Event: 1892.391 GC heap before
{Heap before GC invocations=90 (full 0):
 garbage-first heap   total 622592K, used 291189K [0x0000000700000000, 0x0000000800000000)
  region size 2048K, 18 young (36864K), 17 survivors (34816K)
 Metaspace       used 169709K, committed 171008K, reserved 1245184K
  class space    used 22393K, committed 23040K, reserved 1048576K
}
Event: 1892.474 GC heap after
{Heap after GC invocations=91 (full 0):
 garbage-first heap   total 622592K, used 275148K [0x0000000700000000, 0x0000000800000000)
  region size 2048K, 2 young (4096K), 2 survivors (4096K)
 Metaspace       used 169709K, committed 171008K, reserved 1245184K
  class space    used 22393K, committed 23040K, reserved 1048576K
}
Event: 1894.165 GC heap before
{Heap before GC invocations=91 (full 0):
 garbage-first heap   total 622592K, used 375500K [0x0000000700000000, 0x0000000800000000)
  region size 2048K, 53 young (108544K), 2 survivors (4096K)
 Metaspace       used 170973K, committed 172288K, reserved 1245184K
  class space    used 22534K, committed 23168K, reserved 1048576K
}
Event: 1894.225 GC heap after
{Heap after GC invocations=92 (full 0):
 garbage-first heap   total 622592K, used 290635K [0x0000000700000000, 0x0000000800000000)
  region size 2048K, 10 young (20480K), 10 survivors (20480K)
 Metaspace       used 170973K, committed 172288K, reserved 1245184K
  class space    used 22534K, committed 23168K, reserved 1048576K
}
Event: 1897.757 GC heap before
{Heap before GC invocations=93 (full 0):
 garbage-first heap   total 622592K, used 458571K [0x0000000700000000, 0x0000000800000000)
  region size 2048K, 92 young (188416K), 10 survivors (20480K)
 Metaspace       used 171040K, committed 172416K, reserved 1245184K
  class space    used 22534K, committed 23168K, reserved 1048576K
}
Event: 1897.820 GC heap after
{Heap after GC invocations=94 (full 0):
 garbage-first heap   total 622592K, used 291845K [0x0000000700000000, 0x0000000800000000)
  region size 2048K, 5 young (10240K), 5 survivors (10240K)
 Metaspace       used 171040K, committed 172416K, reserved 1245184K
  class space    used 22534K, committed 23168K, reserved 1048576K
}
Event: 1898.740 GC heap before
{Heap before GC invocations=94 (full 0):
 garbage-first heap   total 622592K, used 312325K [0x0000000700000000, 0x0000000800000000)
  region size 2048K, 15 young (30720K), 5 survivors (10240K)
 Metaspace       used 171331K, committed 172736K, reserved 1245184K
  class space    used 22565K, committed 23232K, reserved 1048576K
}

