# JRE version: OpenJDK Runtime Environment (17.0.10) (build 17.0.10+0--11572160)
# Java VM: OpenJDK 64-Bit Server VM (17.0.10+0--11572160, mixed mode, tiered, compressed oops, compressed class ptrs, g1 gc, windows-amd64)
GC Precious Log:
 CPUs: 4 total, 4 available
 Memory: 6051M
 Large Page Support: Disabled
 NUMA Support: Disabled
 Compressed Oops: Enabled (Zero based)
 Heap Region Size: 2M
 Heap Min Capacity: 8M
 Heap Initial Capacity: 96M
 Heap Max Capacity: 4G
 Pre-touch: Disabled
 Parallel Workers: 4
 Concurrent Workers: 1
 Concurrent Refinement Workers: 4
 Periodic GC: Disabled
Heap:
 garbage-first heap   total 655360K, used 261770K [0x0000000700000000, 0x0000000800000000)
  region size 2048K, 11 young (22528K), 11 survivors (22528K)
 Metaspace       used 186176K, committed 187904K, reserved 1245184K
  class space    used 24019K, committed 24768K, reserved 1048576K
GC Heap History (20 events):
Event: 9637.818 GC heap after
{Heap after GC invocations=86 (full 0):
 garbage-first heap   total 608256K, used 173482K [0x0000000700000000, 0x0000000800000000)
  region size 2048K, 2 young (4096K), 2 survivors (4096K)
 Metaspace       used 145621K, committed 147136K, reserved 1179648K
  class space    used 19158K, committed 19840K, reserved 1048576K
}
Event: 9641.232 GC heap before
{Heap before GC invocations=86 (full 0):
 garbage-first heap   total 608256K, used 230826K [0x0000000700000000, 0x0000000800000000)
  region size 2048K, 32 young (65536K), 2 survivors (4096K)
 Metaspace       used 147048K, committed 148544K, reserved 1179648K
  class space    used 19260K, committed 19968K, reserved 1048576K
}
Event: 9641.246 GC heap after
{Heap after GC invocations=87 (full 0):
 garbage-first heap   total 1263616K, used 173330K [0x0000000700000000, 0x0000000800000000)
  region size 2048K, 2 young (4096K), 2 survivors (4096K)
 Metaspace       used 147048K, committed 148544K, reserved 1179648K
  class space    used 19260K, committed 19968K, reserved 1048576K
}
Event: 9658.639 GC heap before
{Heap before GC invocations=88 (full 0):
 garbage-first heap   total 655360K, used 582930K [0x0000000700000000, 0x0000000800000000)
  region size 2048K, 63 young (129024K), 2 survivors (4096K)
 Metaspace       used 150586K, committed 152128K, reserved 1245184K
  class space    used 19634K, committed 20352K, reserved 1048576K
}
Event: 9658.706 GC heap after
{Heap after GC invocations=89 (full 0):
 garbage-first heap   total 655360K, used 176621K [0x0000000700000000, 0x0000000800000000)
  region size 2048K, 3 young (6144K), 3 survivors (6144K)
 Metaspace       used 150586K, committed 152128K, reserved 1245184K
  class space    used 19634K, committed 20352K, reserved 1048576K
}
Event: 9659.858 GC heap before
{Heap before GC invocations=89 (full 0):
 garbage-first heap   total 655360K, used 201197K [0x0000000700000000, 0x0000000800000000)
  region size 2048K, 16 young (32768K), 3 survivors (6144K)
 Metaspace       used 150747K, committed 152256K, reserved 1245184K
  class space    used 19635K, committed 20352K, reserved 1048576K
}
Event: 9659.996 GC heap after
{Heap after GC invocations=90 (full 0):
 garbage-first heap   total 655360K, used 171658K [0x0000000700000000, 0x0000000800000000)
  region size 2048K, 1 young (2048K), 1 survivors (2048K)
 Metaspace       used 150747K, committed 152256K, reserved 1245184K
  class space    used 19635K, committed 20352K, reserved 1048576K
}
Event: 9675.017 GC heap before
{Heap before GC invocations=90 (full 0):
 garbage-first heap   total 655360K, used 233098K [0x0000000700000000, 0x0000000800000000)
  region size 2048K, 33 young (67584K), 1 survivors (2048K)
 Metaspace       used 151016K, committed 152512K, reserved 1245184K
  class space    used 19650K, committed 20352K, reserved 1048576K
}
Event: 9675.025 GC heap after
{Heap after GC invocations=91 (full 0):
 garbage-first heap   total 655360K, used 174493K [0x0000000700000000, 0x0000000800000000)
  region size 2048K, 3 young (6144K), 3 survivors (6144K)
 Metaspace       used 151016K, committed 152512K, reserved 1245184K
  class space    used 19650K, committed 20352K, reserved 1048576K
}
Event: 9688.545 GC heap before
{Heap before GC invocations=92 (full 0):
 garbage-first heap   total 628736K, used 403869K [0x0000000700000000, 0x0000000800000000)
  region size 2048K, 107 young (219136K), 3 survivors (6144K)
 Metaspace       used 157165K, committed 158784K, reserved 1245184K
  class space    used 20472K, committed 21184K, reserved 1048576K
}
Event: 9688.574 GC heap after
{Heap after GC invocations=93 (full 0):
 garbage-first heap   total 628736K, used 188042K [0x0000000700000000, 0x0000000800000000)
  region size 2048K, 4 young (8192K), 4 survivors (8192K)
 Metaspace       used 157165K, committed 158784K, reserved 1245184K
  class space    used 20472K, committed 21184K, reserved 1048576K
}
Event: 9689.193 GC heap before
{Heap before GC invocations=93 (full 0):
 garbage-first heap   total 628736K, used 214666K [0x0000000700000000, 0x0000000800000000)
  region size 2048K, 15 young (30720K), 4 survivors (8192K)
 Metaspace       used 158261K, committed 159936K, reserved 1245184K
  class space    used 20548K, committed 21312K, reserved 1048576K
}
Event: 9689.355 GC heap after
{Heap after GC invocations=94 (full 0):
 garbage-first heap   total 628736K, used 189447K [0x0000000700000000, 0x0000000800000000)
  region size 2048K, 2 young (4096K), 2 survivors (4096K)
 Metaspace       used 158261K, committed 159936K, reserved 1245184K
  class space    used 20548K, committed 21312K, reserved 1048576K
}
Event: 9690.422 GC heap before
{Heap before GC invocations=94 (full 0):
 garbage-first heap   total 628736K, used 254983K [0x0000000700000000, 0x0000000800000000)
  region size 2048K, 36 young (73728K), 2 survivors (4096K)
 Metaspace       used 163547K, committed 165184K, reserved 1245184K
  class space    used 21039K, committed 21760K, reserved 1048576K
}
Event: 9690.428 GC heap after
{Heap after GC invocations=95 (full 0):
 garbage-first heap   total 628736K, used 190870K [0x0000000700000000, 0x0000000800000000)
  region size 2048K, 3 young (6144K), 3 survivors (6144K)
 Metaspace       used 163547K, committed 165184K, reserved 1245184K
  class space    used 21039K, committed 21760K, reserved 1048576K
}
Event: 9695.292 GC heap before
{Heap before GC invocations=96 (full 0):
 garbage-first heap   total 628736K, used 516502K [0x0000000700000000, 0x0000000800000000)
  region size 2048K, 162 young (331776K), 3 survivors (6144K)
 Metaspace       used 180977K, committed 182592K, reserved 1245184K
  class space    used 23136K, committed 23872K, reserved 1048576K
}
Event: 9695.391 GC heap after
{Heap after GC invocations=97 (full 0):
 garbage-first heap   total 628736K, used 229381K [0x0000000700000000, 0x0000000800000000)
  region size 2048K, 21 young (43008K), 21 survivors (43008K)
 Metaspace       used 180977K, committed 182592K, reserved 1245184K
  class space    used 23136K, committed 23872K, reserved 1048576K
}
Event: 9695.423 GC heap before
{Heap before GC invocations=97 (full 0):
 garbage-first heap   total 628736K, used 231429K [0x0000000700000000, 0x0000000800000000)
  region size 2048K, 22 young (45056K), 21 survivors (43008K)
 Metaspace       used 180980K, committed 182592K, reserved 1245184K
  class space    used 23136K, committed 23872K, reserved 1048576K
}
Event: 9695.916 GC heap after
{Heap after GC invocations=98 (full 0):
 garbage-first heap   total 628736K, used 228843K [0x0000000700000000, 0x0000000800000000)
  region size 2048K, 2 young (4096K), 2 survivors (4096K)
 Metaspace       used 180980K, committed 182592K, reserved 1245184K
  class space    used 23136K, committed 23872K, reserved 1048576K
}
Event: 9697.730 GC heap before
{Heap before GC invocations=98 (full 0):
 garbage-first heap   total 628736K, used 402923K [0x0000000700000000, 0x0000000800000000)
  region size 2048K, 87 young (178176K), 2 survivors (4096K)
 Metaspace       used 186176K, committed 187904K, reserved 1245184K
  class space    used 24019K, committed 24768K, reserved 1048576K
}

