# JRE version: OpenJDK Runtime Environment (17.0.10) (build 17.0.10+0--11572160)
# Java VM: OpenJDK 64-Bit Server VM (17.0.10+0--11572160, mixed mode, tiered, compressed oops, compressed class ptrs, g1 gc, windows-amd64)
GC Precious Log:
 CPUs: 4 total, 4 available
 Memory: 6051M
 Large Page Support: Disabled
 NUMA Support: Disabled
 Compressed Oops: Enabled (Zero based)
 Heap Region Size: 2M
 Heap Min Capacity: 8M
 Heap Initial Capacity: 96M
 Heap Max Capacity: 4G
 Pre-touch: Disabled
 Parallel Workers: 4
 Concurrent Workers: 1
 Concurrent Refinement Workers: 4
 Periodic GC: Disabled
Heap:
 garbage-first heap   total 499712K, used 253714K [0x0000000700000000, 0x0000000800000000)
  region size 2048K, 5 young (10240K), 5 survivors (10240K)
 Metaspace       used 162913K, committed 164032K, reserved 1245184K
  class space    used 21639K, committed 22144K, reserved 1048576K
GC Heap History (20 events):
Event: 132.688 GC heap after
{Heap after GC invocations=67 (full 0):
 garbage-first heap   total 391168K, used 150835K [0x0000000700000000, 0x0000000800000000)
  region size 2048K, 4 young (8192K), 4 survivors (8192K)
 Metaspace       used 142587K, committed 143552K, reserved 1179648K
  class space    used 18694K, committed 19136K, reserved 1048576K
}
Event: 136.990 GC heap before
{Heap before GC invocations=68 (full 0):
 garbage-first heap   total 499712K, used 406835K [0x0000000700000000, 0x0000000800000000)
  region size 2048K, 84 young (172032K), 4 survivors (8192K)
 Metaspace       used 144052K, committed 145024K, reserved 1179648K
  class space    used 18916K, committed 19392K, reserved 1048576K
}
Event: 137.006 GC heap after
{Heap after GC invocations=69 (full 0):
 garbage-first heap   total 499712K, used 152312K [0x0000000700000000, 0x0000000800000000)
  region size 2048K, 4 young (8192K), 4 survivors (8192K)
 Metaspace       used 144052K, committed 145024K, reserved 1179648K
  class space    used 18916K, committed 19392K, reserved 1048576K
}
Event: 137.162 GC heap before
{Heap before GC invocations=69 (full 0):
 garbage-first heap   total 499712K, used 168696K [0x0000000700000000, 0x0000000800000000)
  region size 2048K, 12 young (24576K), 4 survivors (8192K)
 Metaspace       used 144052K, committed 145024K, reserved 1179648K
  class space    used 18916K, committed 19392K, reserved 1048576K
}
Event: 137.182 GC heap after
{Heap after GC invocations=70 (full 0):
 garbage-first heap   total 499712K, used 151211K [0x0000000700000000, 0x0000000800000000)
  region size 2048K, 2 young (4096K), 2 survivors (4096K)
 Metaspace       used 144052K, committed 145024K, reserved 1179648K
  class space    used 18916K, committed 19392K, reserved 1048576K
}
Event: 143.254 GC heap before
{Heap before GC invocations=70 (full 0):
 garbage-first heap   total 499712K, used 415403K [0x0000000700000000, 0x0000000800000000)
  region size 2048K, 131 young (268288K), 2 survivors (4096K)
 Metaspace       used 159469K, committed 160512K, reserved 1245184K
  class space    used 21207K, committed 21696K, reserved 1048576K
}
Event: 143.293 GC heap after
{Heap after GC invocations=71 (full 0):
 garbage-first heap   total 499712K, used 170385K [0x0000000700000000, 0x0000000800000000)
  region size 2048K, 10 young (20480K), 10 survivors (20480K)
 Metaspace       used 159469K, committed 160512K, reserved 1245184K
  class space    used 21207K, committed 21696K, reserved 1048576K
}
Event: 147.449 GC heap before
{Heap before GC invocations=71 (full 0):
 garbage-first heap   total 499712K, used 399761K [0x0000000700000000, 0x0000000800000000)
  region size 2048K, 123 young (251904K), 10 survivors (20480K)
 Metaspace       used 162133K, committed 163200K, reserved 1245184K
  class space    used 21587K, committed 22080K, reserved 1048576K
}
Event: 147.494 GC heap after
{Heap after GC invocations=72 (full 0):
 garbage-first heap   total 499712K, used 181150K [0x0000000700000000, 0x0000000800000000)
  region size 2048K, 10 young (20480K), 10 survivors (20480K)
 Metaspace       used 162133K, committed 163200K, reserved 1245184K
  class space    used 21587K, committed 22080K, reserved 1048576K
}
Event: 150.802 GC heap before
{Heap before GC invocations=72 (full 0):
 garbage-first heap   total 499712K, used 400286K [0x0000000700000000, 0x0000000800000000)
  region size 2048K, 118 young (241664K), 10 survivors (20480K)
 Metaspace       used 162311K, committed 163392K, reserved 1245184K
  class space    used 21603K, committed 22080K, reserved 1048576K
}
Event: 150.840 GC heap after
{Heap after GC invocations=73 (full 0):
 garbage-first heap   total 499712K, used 191058K [0x0000000700000000, 0x0000000800000000)
  region size 2048K, 7 young (14336K), 7 survivors (14336K)
 Metaspace       used 162311K, committed 163392K, reserved 1245184K
  class space    used 21603K, committed 22080K, reserved 1048576K
}
Event: 153.912 GC heap before
{Heap before GC invocations=73 (full 0):
 garbage-first heap   total 499712K, used 406098K [0x0000000700000000, 0x0000000800000000)
  region size 2048K, 112 young (229376K), 7 survivors (14336K)
 Metaspace       used 162581K, committed 163648K, reserved 1245184K
  class space    used 21610K, committed 22080K, reserved 1048576K
}
Event: 153.940 GC heap after
{Heap after GC invocations=74 (full 0):
 garbage-first heap   total 499712K, used 189908K [0x0000000700000000, 0x0000000800000000)
  region size 2048K, 7 young (14336K), 7 survivors (14336K)
 Metaspace       used 162581K, committed 163648K, reserved 1245184K
  class space    used 21610K, committed 22080K, reserved 1048576K
}
Event: 156.652 GC heap before
{Heap before GC invocations=74 (full 0):
 garbage-first heap   total 499712K, used 406996K [0x0000000700000000, 0x0000000800000000)
  region size 2048K, 114 young (233472K), 7 survivors (14336K)
 Metaspace       used 162832K, committed 163904K, reserved 1245184K
  class space    used 21634K, committed 22080K, reserved 1048576K
}
Event: 156.681 GC heap after
{Heap after GC invocations=75 (full 0):
 garbage-first heap   total 499712K, used 201490K [0x0000000700000000, 0x0000000800000000)
  region size 2048K, 12 young (24576K), 12 survivors (24576K)
 Metaspace       used 162832K, committed 163904K, reserved 1245184K
  class space    used 21634K, committed 22080K, reserved 1048576K
}
Event: 158.545 GC heap before
{Heap before GC invocations=75 (full 0):
 garbage-first heap   total 499712K, used 408337K [0x0000000700000000, 0x0000000800000000)
  region size 2048K, 114 young (233472K), 12 survivors (24576K)
 Metaspace       used 162859K, committed 163968K, reserved 1245184K
  class space    used 21635K, committed 22144K, reserved 1048576K
}
Event: 158.609 GC heap after
{Heap after GC invocations=76 (full 0):
 garbage-first heap   total 499712K, used 222972K [0x0000000700000000, 0x0000000800000000)
  region size 2048K, 15 young (30720K), 15 survivors (30720K)
 Metaspace       used 162859K, committed 163968K, reserved 1245184K
  class space    used 21635K, committed 22144K, reserved 1048576K
}
Event: 161.592 GC heap before
{Heap before GC invocations=76 (full 0):
 garbage-first heap   total 499712K, used 401148K [0x0000000700000000, 0x0000000800000000)
  region size 2048K, 102 young (208896K), 15 survivors (30720K)
 Metaspace       used 162871K, committed 163968K, reserved 1245184K
  class space    used 21635K, committed 22144K, reserved 1048576K
}
Event: 161.672 GC heap after
{Heap after GC invocations=77 (full 0):
 garbage-first heap   total 499712K, used 243474K [0x0000000700000000, 0x0000000800000000)
  region size 2048K, 12 young (24576K), 12 survivors (24576K)
 Metaspace       used 162871K, committed 163968K, reserved 1245184K
  class space    used 21635K, committed 22144K, reserved 1048576K
}
Event: 164.190 GC heap before
{Heap before GC invocations=77 (full 0):
 garbage-first heap   total 499712K, used 401170K [0x0000000700000000, 0x0000000800000000)
  region size 2048K, 89 young (182272K), 12 survivors (24576K)
 Metaspace       used 162913K, committed 164032K, reserved 1245184K
  class space    used 21639K, committed 22144K, reserved 1048576K
}

