# JRE version: OpenJDK Runtime Environment (17.0.10) (build 17.0.10+0--11572160)
# Java VM: OpenJDK 64-Bit Server VM (17.0.10+0--11572160, mixed mode, tiered, compressed oops, compressed class ptrs, g1 gc, windows-amd64)
GC Precious Log:
 CPUs: 4 total, 4 available
 Memory: 6051M
 Large Page Support: Disabled
 NUMA Support: Disabled
 Compressed Oops: Enabled (Zero based)
 Heap Region Size: 2M
 Heap Min Capacity: 8M
 Heap Initial Capacity: 96M
 Heap Max Capacity: 4G
 Pre-touch: Disabled
 Parallel Workers: 4
 Concurrent Workers: 1
 Concurrent Refinement Workers: 4
 Periodic GC: Disabled
Heap:
 garbage-first heap   total 129024K, used 97057K [0x0000000700000000, 0x0000000800000000)
  region size 2048K, 22 young (45056K), 3 survivors (6144K)
 Metaspace       used 79172K, committed 79744K, reserved 1179648K
  class space    used 10678K, committed 10944K, reserved 1048576K
GC Heap History (20 events):
Event: 14.070 GC heap before
{Heap before GC invocations=14 (full 0):
 garbage-first heap   total 92160K, used 68701K [0x0000000700000000, 0x0000000800000000)
  region size 2048K, 20 young (40960K), 3 survivors (6144K)
 Metaspace       used 55777K, committed 56256K, reserved 1114112K
  class space    used 7516K, committed 7744K, reserved 1048576K
}
Event: 14.080 GC heap after
{Heap after GC invocations=15 (full 0):
 garbage-first heap   total 92160K, used 35335K [0x0000000700000000, 0x0000000800000000)
  region size 2048K, 2 young (4096K), 2 survivors (4096K)
 Metaspace       used 55777K, committed 56256K, reserved 1114112K
  class space    used 7516K, committed 7744K, reserved 1048576K
}
Event: 15.731 GC heap before
{Heap before GC invocations=15 (full 0):
 garbage-first heap   total 92160K, used 70151K [0x0000000700000000, 0x0000000800000000)
  region size 2048K, 20 young (40960K), 2 survivors (4096K)
 Metaspace       used 59813K, committed 60288K, reserved 1114112K
  class space    used 8074K, committed 8320K, reserved 1048576K
}
Event: 15.739 GC heap after
{Heap after GC invocations=16 (full 0):
 garbage-first heap   total 92160K, used 36647K [0x0000000700000000, 0x0000000800000000)
  region size 2048K, 3 young (6144K), 3 survivors (6144K)
 Metaspace       used 59813K, committed 60288K, reserved 1114112K
  class space    used 8074K, committed 8320K, reserved 1048576K
}
Event: 17.347 GC heap before
{Heap before GC invocations=17 (full 0):
 garbage-first heap   total 92160K, used 71463K [0x0000000700000000, 0x0000000800000000)
  region size 2048K, 20 young (40960K), 3 survivors (6144K)
 Metaspace       used 63373K, committed 63936K, reserved 1114112K
  class space    used 8672K, committed 8960K, reserved 1048576K
}
Event: 17.361 GC heap after
{Heap after GC invocations=18 (full 0):
 garbage-first heap   total 92160K, used 38736K [0x0000000700000000, 0x0000000800000000)
  region size 2048K, 3 young (6144K), 3 survivors (6144K)
 Metaspace       used 63373K, committed 63936K, reserved 1114112K
  class space    used 8672K, committed 8960K, reserved 1048576K
}
Event: 17.535 GC heap before
{Heap before GC invocations=18 (full 0):
 garbage-first heap   total 92160K, used 40784K [0x0000000700000000, 0x0000000800000000)
  region size 2048K, 4 young (8192K), 3 survivors (6144K)
 Metaspace       used 63639K, committed 64128K, reserved 1114112K
  class space    used 8723K, committed 8960K, reserved 1048576K
}
Event: 17.549 GC heap after
{Heap after GC invocations=19 (full 0):
 garbage-first heap   total 92160K, used 38817K [0x0000000700000000, 0x0000000800000000)
  region size 2048K, 1 young (2048K), 1 survivors (2048K)
 Metaspace       used 63639K, committed 64128K, reserved 1114112K
  class space    used 8723K, committed 8960K, reserved 1048576K
}
Event: 19.829 GC heap before
{Heap before GC invocations=19 (full 0):
 garbage-first heap   total 92160K, used 71585K [0x0000000700000000, 0x0000000800000000)
  region size 2048K, 17 young (34816K), 1 survivors (2048K)
 Metaspace       used 65325K, committed 65856K, reserved 1114112K
  class space    used 8962K, committed 9216K, reserved 1048576K
}
Event: 19.841 GC heap after
{Heap after GC invocations=20 (full 0):
 garbage-first heap   total 92160K, used 40240K [0x0000000700000000, 0x0000000800000000)
  region size 2048K, 2 young (4096K), 2 survivors (4096K)
 Metaspace       used 65325K, committed 65856K, reserved 1114112K
  class space    used 8962K, committed 9216K, reserved 1048576K
}
Event: 21.840 GC heap before
{Heap before GC invocations=21 (full 0):
 garbage-first heap   total 92160K, used 77104K [0x0000000700000000, 0x0000000800000000)
  region size 2048K, 18 young (36864K), 2 survivors (4096K)
 Metaspace       used 66733K, committed 67328K, reserved 1114112K
  class space    used 9140K, committed 9408K, reserved 1048576K
}
Event: 21.855 GC heap after
{Heap after GC invocations=22 (full 0):
 garbage-first heap   total 94208K, used 57225K [0x0000000700000000, 0x0000000800000000)
  region size 2048K, 3 young (6144K), 3 survivors (6144K)
 Metaspace       used 66733K, committed 67328K, reserved 1114112K
  class space    used 9140K, committed 9408K, reserved 1048576K
}
Event: 21.919 GC heap before
{Heap before GC invocations=22 (full 0):
 garbage-first heap   total 94208K, used 59273K [0x0000000700000000, 0x0000000800000000)
  region size 2048K, 4 young (8192K), 3 survivors (6144K)
 Metaspace       used 66949K, committed 67584K, reserved 1114112K
  class space    used 9171K, committed 9472K, reserved 1048576K
}
Event: 21.930 GC heap after
{Heap after GC invocations=23 (full 0):
 garbage-first heap   total 94208K, used 56834K [0x0000000700000000, 0x0000000800000000)
  region size 2048K, 1 young (2048K), 1 survivors (2048K)
 Metaspace       used 66949K, committed 67584K, reserved 1114112K
  class space    used 9171K, committed 9472K, reserved 1048576K
}
Event: 22.708 GC heap before
{Heap before GC invocations=23 (full 0):
 garbage-first heap   total 94208K, used 75266K [0x0000000700000000, 0x0000000800000000)
  region size 2048K, 10 young (20480K), 1 survivors (2048K)
 Metaspace       used 69278K, committed 69824K, reserved 1114112K
  class space    used 9482K, committed 9728K, reserved 1048576K
}
Event: 22.712 GC heap after
{Heap after GC invocations=24 (full 0):
 garbage-first heap   total 94208K, used 57477K [0x0000000700000000, 0x0000000800000000)
  region size 2048K, 1 young (2048K), 1 survivors (2048K)
 Metaspace       used 69278K, committed 69824K, reserved 1114112K
  class space    used 9482K, committed 9728K, reserved 1048576K
}
Event: 23.607 GC heap before
{Heap before GC invocations=25 (full 0):
 garbage-first heap   total 106496K, used 75909K [0x0000000700000000, 0x0000000800000000)
  region size 2048K, 10 young (20480K), 1 survivors (2048K)
 Metaspace       used 72353K, committed 72960K, reserved 1114112K
  class space    used 9841K, committed 10112K, reserved 1048576K
}
Event: 23.613 GC heap after
{Heap after GC invocations=26 (full 0):
 garbage-first heap   total 129024K, used 58057K [0x0000000700000000, 0x0000000800000000)
  region size 2048K, 1 young (2048K), 1 survivors (2048K)
 Metaspace       used 72353K, committed 72960K, reserved 1114112K
  class space    used 9841K, committed 10112K, reserved 1048576K
}
Event: 25.502 GC heap before
{Heap before GC invocations=26 (full 0):
 garbage-first heap   total 129024K, used 99017K [0x0000000700000000, 0x0000000800000000)
  region size 2048K, 22 young (45056K), 1 survivors (2048K)
 Metaspace       used 75954K, committed 76544K, reserved 1179648K
  class space    used 10292K, committed 10560K, reserved 1048576K
}
Event: 25.511 GC heap after
{Heap after GC invocations=27 (full 0):
 garbage-first heap   total 129024K, used 62241K [0x0000000700000000, 0x0000000800000000)
  region size 2048K, 3 young (6144K), 3 survivors (6144K)
 Metaspace       used 75954K, committed 76544K, reserved 1179648K
  class space    used 10292K, committed 10560K, reserved 1048576K
}

