# JRE version: OpenJDK Runtime Environment (17.0.10) (build 17.0.10+0--11572160)
# Java VM: OpenJDK 64-Bit Server VM (17.0.10+0--11572160, mixed mode, tiered, compressed oops, compressed class ptrs, g1 gc, windows-amd64)
GC Precious Log:
 CPUs: 4 total, 4 available
 Memory: 6051M
 Large Page Support: Disabled
 NUMA Support: Disabled
 Compressed Oops: Enabled (Zero based)
 Heap Region Size: 2M
 Heap Min Capacity: 8M
 Heap Initial Capacity: 96M
 Heap Max Capacity: 4G
 Pre-touch: Disabled
 Parallel Workers: 4
 Concurrent Workers: 1
 Concurrent Refinement Workers: 4
 Periodic GC: Disabled
Heap:
 garbage-first heap   total 92160K, used 65349K [0x0000000700000000, 0x0000000800000000)
  region size 2048K, 19 young (38912K), 3 survivors (6144K)
 Metaspace       used 57341K, committed 57792K, reserved 1114112K
  class space    used 7712K, committed 7872K, reserved 1048576K
GC Heap History (20 events):
Event: 4.502 GC heap before
{Heap before GC invocations=3 (full 0):
 garbage-first heap   total 98304K, used 59902K [0x0000000700000000, 0x0000000800000000)
  region size 2048K, 27 young (55296K), 2 survivors (4096K)
 Metaspace       used 21229K, committed 21504K, reserved 1114112K
  class space    used 2529K, committed 2688K, reserved 1048576K
}
Event: 4.514 GC heap after
{Heap after GC invocations=4 (full 0):
 garbage-first heap   total 98304K, used 18510K [0x0000000700000000, 0x0000000800000000)
  region size 2048K, 4 young (8192K), 4 survivors (8192K)
 Metaspace       used 21229K, committed 21504K, reserved 1114112K
  class space    used 2529K, committed 2688K, reserved 1048576K
}
Event: 6.016 GC heap before
{Heap before GC invocations=5 (full 0):
 garbage-first heap   total 75776K, used 55374K [0x0000000700000000, 0x0000000800000000)
  region size 2048K, 22 young (45056K), 4 survivors (8192K)
 Metaspace       used 27410K, committed 27648K, reserved 1114112K
  class space    used 3573K, committed 3648K, reserved 1048576K
}
Event: 6.031 GC heap after
{Heap after GC invocations=6 (full 0):
 garbage-first heap   total 75776K, used 21057K [0x0000000700000000, 0x0000000800000000)
  region size 2048K, 2 young (4096K), 2 survivors (4096K)
 Metaspace       used 27410K, committed 27648K, reserved 1114112K
  class space    used 3573K, committed 3648K, reserved 1048576K
}
Event: 6.115 GC heap before
{Heap before GC invocations=6 (full 0):
 garbage-first heap   total 75776K, used 23105K [0x0000000700000000, 0x0000000800000000)
  region size 2048K, 3 young (6144K), 2 survivors (4096K)
 Metaspace       used 27774K, committed 28032K, reserved 1114112K
  class space    used 3641K, committed 3776K, reserved 1048576K
}
Event: 6.120 GC heap after
{Heap after GC invocations=7 (full 0):
 garbage-first heap   total 75776K, used 21539K [0x0000000700000000, 0x0000000800000000)
  region size 2048K, 1 young (2048K), 1 survivors (2048K)
 Metaspace       used 27774K, committed 28032K, reserved 1114112K
  class space    used 3641K, committed 3776K, reserved 1048576K
}
Event: 7.192 GC heap before
{Heap before GC invocations=7 (full 0):
 garbage-first heap   total 75776K, used 50211K [0x0000000700000000, 0x0000000800000000)
  region size 2048K, 15 young (30720K), 1 survivors (2048K)
 Metaspace       used 31963K, committed 32256K, reserved 1114112K
  class space    used 4326K, committed 4480K, reserved 1048576K
}
Event: 7.197 GC heap after
{Heap after GC invocations=8 (full 0):
 garbage-first heap   total 75776K, used 22468K [0x0000000700000000, 0x0000000800000000)
  region size 2048K, 1 young (2048K), 1 survivors (2048K)
 Metaspace       used 31963K, committed 32256K, reserved 1114112K
  class space    used 4326K, committed 4480K, reserved 1048576K
}
Event: 7.922 GC heap before
{Heap before GC invocations=8 (full 0):
 garbage-first heap   total 75776K, used 38852K [0x0000000700000000, 0x0000000800000000)
  region size 2048K, 10 young (20480K), 1 survivors (2048K)
 Metaspace       used 35691K, committed 35968K, reserved 1114112K
  class space    used 4760K, committed 4864K, reserved 1048576K
}
Event: 7.931 GC heap after
{Heap after GC invocations=9 (full 0):
 garbage-first heap   total 75776K, used 24121K [0x0000000700000000, 0x0000000800000000)
  region size 2048K, 2 young (4096K), 2 survivors (4096K)
 Metaspace       used 35691K, committed 35968K, reserved 1114112K
  class space    used 4760K, committed 4864K, reserved 1048576K
}
Event: 9.087 GC heap before
{Heap before GC invocations=10 (full 0):
 garbage-first heap   total 75776K, used 52793K [0x0000000700000000, 0x0000000800000000)
  region size 2048K, 17 young (34816K), 2 survivors (4096K)
 Metaspace       used 40131K, committed 40512K, reserved 1114112K
  class space    used 5273K, committed 5440K, reserved 1048576K
}
Event: 9.097 GC heap after
{Heap after GC invocations=11 (full 0):
 garbage-first heap   total 75776K, used 27649K [0x0000000700000000, 0x0000000800000000)
  region size 2048K, 3 young (6144K), 3 survivors (6144K)
 Metaspace       used 40131K, committed 40512K, reserved 1114112K
  class space    used 5273K, committed 5440K, reserved 1048576K
}
Event: 10.005 GC heap before
{Heap before GC invocations=11 (full 0):
 garbage-first heap   total 75776K, used 58369K [0x0000000700000000, 0x0000000800000000)
  region size 2048K, 17 young (34816K), 3 survivors (6144K)
 Metaspace       used 42078K, committed 42432K, reserved 1114112K
  class space    used 5461K, committed 5568K, reserved 1048576K
}
Event: 10.018 GC heap after
{Heap after GC invocations=12 (full 0):
 garbage-first heap   total 75776K, used 29794K [0x0000000700000000, 0x0000000800000000)
  region size 2048K, 3 young (6144K), 3 survivors (6144K)
 Metaspace       used 42078K, committed 42432K, reserved 1114112K
  class space    used 5461K, committed 5568K, reserved 1048576K
}
Event: 10.895 GC heap before
{Heap before GC invocations=12 (full 0):
 garbage-first heap   total 75776K, used 56418K [0x0000000700000000, 0x0000000800000000)
  region size 2048K, 17 young (34816K), 3 survivors (6144K)
 Metaspace       used 44770K, committed 45248K, reserved 1114112K
  class space    used 5788K, committed 6016K, reserved 1048576K
}
Event: 10.905 GC heap after
{Heap after GC invocations=13 (full 0):
 garbage-first heap   total 75776K, used 31309K [0x0000000700000000, 0x0000000800000000)
  region size 2048K, 2 young (4096K), 2 survivors (4096K)
 Metaspace       used 44770K, committed 45248K, reserved 1114112K
  class space    used 5788K, committed 6016K, reserved 1048576K
}
Event: 11.874 GC heap before
{Heap before GC invocations=13 (full 0):
 garbage-first heap   total 75776K, used 57933K [0x0000000700000000, 0x0000000800000000)
  region size 2048K, 15 young (30720K), 2 survivors (4096K)
 Metaspace       used 48032K, committed 48448K, reserved 1114112K
  class space    used 6342K, committed 6528K, reserved 1048576K
}
Event: 11.883 GC heap after
{Heap after GC invocations=14 (full 0):
 garbage-first heap   total 92160K, used 32938K [0x0000000700000000, 0x0000000800000000)
  region size 2048K, 2 young (4096K), 2 survivors (4096K)
 Metaspace       used 48032K, committed 48448K, reserved 1114112K
  class space    used 6342K, committed 6528K, reserved 1048576K
}
Event: 13.392 GC heap before
{Heap before GC invocations=14 (full 0):
 garbage-first heap   total 92160K, used 69802K [0x0000000700000000, 0x0000000800000000)
  region size 2048K, 20 young (40960K), 2 survivors (4096K)
 Metaspace       used 53165K, committed 53632K, reserved 1114112K
  class space    used 7159K, committed 7360K, reserved 1048576K
}
Event: 13.402 GC heap after
{Heap after GC invocations=15 (full 0):
 garbage-first heap   total 92160K, used 34629K [0x0000000700000000, 0x0000000800000000)
  region size 2048K, 3 young (6144K), 3 survivors (6144K)
 Metaspace       used 53165K, committed 53632K, reserved 1114112K
  class space    used 7159K, committed 7360K, reserved 1048576K
}

