# JRE version: OpenJDK Runtime Environment (17.0.10) (build 17.0.10+0--11572160)
# Java VM: OpenJDK 64-Bit Server VM (17.0.10+0--11572160, mixed mode, tiered, compressed oops, compressed class ptrs, g1 gc, windows-amd64)
GC Precious Log:
 CPUs: 4 total, 4 available
 Memory: 6051M
 Large Page Support: Disabled
 NUMA Support: Disabled
 Compressed Oops: Enabled (Zero based)
 Heap Region Size: 2M
 Heap Min Capacity: 8M
 Heap Initial Capacity: 96M
 Heap Max Capacity: 4G
 Pre-touch: Disabled
 Parallel Workers: 4
 Concurrent Workers: 1
 Concurrent Refinement Workers: 4
 Periodic GC: Disabled
Heap:
 garbage-first heap   total 886784K, used 417362K [0x0000000700000000, 0x0000000800000000)
  region size 2048K, 10 young (20480K), 10 survivors (20480K)
 Metaspace       used 128037K, committed 129024K, reserved 1179648K
  class space    used 17542K, committed 17984K, reserved 1048576K
GC Heap History (20 events):
Event: 93.813 GC heap after
{Heap after GC invocations=70 (full 0):
 garbage-first heap   total 886784K, used 391086K [0x0000000700000000, 0x0000000800000000)
  region size 2048K, 8 young (16384K), 8 survivors (16384K)
 Metaspace       used 127638K, committed 128576K, reserved 1179648K
  class space    used 17526K, committed 17920K, reserved 1048576K
}
Event: 96.422 GC heap before
{Heap before GC invocations=70 (full 0):
 garbage-first heap   total 886784K, used 755630K [0x0000000700000000, 0x0000000800000000)
  region size 2048K, 187 young (382976K), 8 survivors (16384K)
 Metaspace       used 127699K, committed 128640K, reserved 1179648K
  class space    used 17528K, committed 17920K, reserved 1048576K
}
Event: 96.466 GC heap after
{Heap after GC invocations=71 (full 0):
 garbage-first heap   total 886784K, used 395182K [0x0000000700000000, 0x0000000800000000)
  region size 2048K, 10 young (20480K), 10 survivors (20480K)
 Metaspace       used 127699K, committed 128640K, reserved 1179648K
  class space    used 17528K, committed 17920K, reserved 1048576K
}
Event: 98.710 GC heap before
{Heap before GC invocations=71 (full 0):
 garbage-first heap   total 886784K, used 757678K [0x0000000700000000, 0x0000000800000000)
  region size 2048K, 188 young (385024K), 10 survivors (20480K)
 Metaspace       used 127728K, committed 128704K, reserved 1179648K
  class space    used 17532K, committed 17984K, reserved 1048576K
}
Event: 98.772 GC heap after
{Heap after GC invocations=72 (full 0):
 garbage-first heap   total 886784K, used 394964K [0x0000000700000000, 0x0000000800000000)
  region size 2048K, 10 young (20480K), 10 survivors (20480K)
 Metaspace       used 127728K, committed 128704K, reserved 1179648K
  class space    used 17532K, committed 17984K, reserved 1048576K
}
Event: 100.833 GC heap before
{Heap before GC invocations=72 (full 0):
 garbage-first heap   total 886784K, used 761556K [0x0000000700000000, 0x0000000800000000)
  region size 2048K, 190 young (389120K), 10 survivors (20480K)
 Metaspace       used 127740K, committed 128768K, reserved 1179648K
  class space    used 17532K, committed 17984K, reserved 1048576K
}
Event: 100.893 GC heap after
{Heap after GC invocations=73 (full 0):
 garbage-first heap   total 886784K, used 399278K [0x0000000700000000, 0x0000000800000000)
  region size 2048K, 12 young (24576K), 12 survivors (24576K)
 Metaspace       used 127740K, committed 128768K, reserved 1179648K
  class space    used 17532K, committed 17984K, reserved 1048576K
}
Event: 103.012 GC heap before
{Heap before GC invocations=73 (full 0):
 garbage-first heap   total 886784K, used 761774K [0x0000000700000000, 0x0000000800000000)
  region size 2048K, 190 young (389120K), 12 survivors (24576K)
 Metaspace       used 127770K, committed 128832K, reserved 1179648K
  class space    used 17532K, committed 17984K, reserved 1048576K
}
Event: 103.066 GC heap after
{Heap after GC invocations=74 (full 0):
 garbage-first heap   total 886784K, used 402350K [0x0000000700000000, 0x0000000800000000)
  region size 2048K, 14 young (28672K), 14 survivors (28672K)
 Metaspace       used 127770K, committed 128832K, reserved 1179648K
  class space    used 17532K, committed 17984K, reserved 1048576K
}
Event: 105.122 GC heap before
{Heap before GC invocations=74 (full 0):
 garbage-first heap   total 886784K, used 760750K [0x0000000700000000, 0x0000000800000000)
  region size 2048K, 189 young (387072K), 14 survivors (28672K)
 Metaspace       used 127835K, committed 128896K, reserved 1179648K
  class space    used 17539K, committed 17984K, reserved 1048576K
}
Event: 105.203 GC heap after
{Heap after GC invocations=75 (full 0):
 garbage-first heap   total 886784K, used 406264K [0x0000000700000000, 0x0000000800000000)
  region size 2048K, 12 young (24576K), 12 survivors (24576K)
 Metaspace       used 127835K, committed 128896K, reserved 1179648K
  class space    used 17539K, committed 17984K, reserved 1048576K
}
Event: 107.533 GC heap before
{Heap before GC invocations=75 (full 0):
 garbage-first heap   total 886784K, used 772856K [0x0000000700000000, 0x0000000800000000)
  region size 2048K, 186 young (380928K), 12 survivors (24576K)
 Metaspace       used 127853K, committed 128896K, reserved 1179648K
  class space    used 17540K, committed 17984K, reserved 1048576K
}
Event: 107.598 GC heap after
{Heap after GC invocations=76 (full 0):
 garbage-first heap   total 886784K, used 406264K [0x0000000700000000, 0x0000000800000000)
  region size 2048K, 12 young (24576K), 12 survivors (24576K)
 Metaspace       used 127853K, committed 128896K, reserved 1179648K
  class space    used 17540K, committed 17984K, reserved 1048576K
}
Event: 109.468 GC heap before
{Heap before GC invocations=76 (full 0):
 garbage-first heap   total 886784K, used 764664K [0x0000000700000000, 0x0000000800000000)
  region size 2048K, 188 young (385024K), 12 survivors (24576K)
 Metaspace       used 127879K, committed 128896K, reserved 1179648K
  class space    used 17540K, committed 17984K, reserved 1048576K
}
Event: 109.532 GC heap after
{Heap after GC invocations=77 (full 0):
 garbage-first heap   total 886784K, used 408312K [0x0000000700000000, 0x0000000800000000)
  region size 2048K, 13 young (26624K), 13 survivors (26624K)
 Metaspace       used 127879K, committed 128896K, reserved 1179648K
  class space    used 17540K, committed 17984K, reserved 1048576K
}
Event: 111.254 GC heap before
{Heap before GC invocations=77 (full 0):
 garbage-first heap   total 886784K, used 772856K [0x0000000700000000, 0x0000000800000000)
  region size 2048K, 189 young (387072K), 13 survivors (26624K)
 Metaspace       used 127945K, committed 128960K, reserved 1179648K
  class space    used 17540K, committed 17984K, reserved 1048576K
}
Event: 111.336 GC heap after
{Heap after GC invocations=78 (full 0):
 garbage-first heap   total 886784K, used 418552K [0x0000000700000000, 0x0000000800000000)
  region size 2048K, 18 young (36864K), 18 survivors (36864K)
 Metaspace       used 127945K, committed 128960K, reserved 1179648K
  class space    used 17540K, committed 17984K, reserved 1048576K
}
Event: 113.418 GC heap before
{Heap before GC invocations=78 (full 0):
 garbage-first heap   total 886784K, used 754424K [0x0000000700000000, 0x0000000800000000)
  region size 2048K, 182 young (372736K), 18 survivors (36864K)
 Metaspace       used 128012K, committed 129024K, reserved 1179648K
  class space    used 17542K, committed 17984K, reserved 1048576K
}
Event: 113.488 GC heap after
{Heap after GC invocations=79 (full 0):
 garbage-first heap   total 886784K, used 422375K [0x0000000700000000, 0x0000000800000000)
  region size 2048K, 17 young (34816K), 17 survivors (34816K)
 Metaspace       used 128012K, committed 129024K, reserved 1179648K
  class space    used 17542K, committed 17984K, reserved 1048576K
}
Event: 115.062 GC heap before
{Heap before GC invocations=79 (full 0):
 garbage-first heap   total 886784K, used 752103K [0x0000000700000000, 0x0000000800000000)
  region size 2048K, 178 young (364544K), 17 survivors (34816K)
 Metaspace       used 128037K, committed 129024K, reserved 1179648K
  class space    used 17542K, committed 17984K, reserved 1048576K
}

