# JRE version: OpenJDK Runtime Environment (17.0.10) (build 17.0.10+0--11572160)
# Java VM: OpenJDK 64-Bit Server VM (17.0.10+0--11572160, mixed mode, tiered, compressed oops, compressed class ptrs, g1 gc, windows-amd64)
GC Precious Log:
 CPUs: 4 total, 4 available
 Memory: 6051M
 Large Page Support: Disabled
 NUMA Support: Disabled
 Compressed Oops: Enabled (Zero based)
 Heap Region Size: 2M
 Heap Min Capacity: 8M
 Heap Initial Capacity: 96M
 Heap Max Capacity: 4G
 Pre-touch: Disabled
 Parallel Workers: 4
 Concurrent Workers: 1
 Concurrent Refinement Workers: 4
 Periodic GC: Disabled
Heap:
 garbage-first heap   total 391168K, used 272126K [0x0000000700000000, 0x0000000800000000)
  region size 2048K, 39 young (79872K), 1 survivors (2048K)
 Metaspace       used 170117K, committed 171136K, reserved 1245184K
  class space    used 22199K, committed 22656K, reserved 1048576K
GC Heap History (20 events):
Event: 87.688 GC heap before
{Heap before GC invocations=71 (full 0):
 garbage-first heap   total 321536K, used 276222K [0x0000000700000000, 0x0000000800000000)
  region size 2048K, 58 young (118784K), 8 survivors (16384K)
 Metaspace       used 143746K, committed 144512K, reserved 1179648K
  class space    used 18659K, committed 19008K, reserved 1048576K
}
Event: 87.727 GC heap after
{Heap after GC invocations=72 (full 0):
 garbage-first heap   total 321536K, used 170350K [0x0000000700000000, 0x0000000800000000)
  region size 2048K, 7 young (14336K), 7 survivors (14336K)
 Metaspace       used 143746K, committed 144512K, reserved 1179648K
  class space    used 18659K, committed 19008K, reserved 1048576K
}
Event: 91.302 GC heap before
{Heap before GC invocations=72 (full 0):
 garbage-first heap   total 321536K, used 260462K [0x0000000700000000, 0x0000000800000000)
  region size 2048K, 51 young (104448K), 7 survivors (14336K)
 Metaspace       used 148611K, committed 149376K, reserved 1179648K
  class space    used 18993K, committed 19328K, reserved 1048576K
}
Event: 91.332 GC heap after
{Heap after GC invocations=73 (full 0):
 garbage-first heap   total 321536K, used 177918K [0x0000000700000000, 0x0000000800000000)
  region size 2048K, 4 young (8192K), 4 survivors (8192K)
 Metaspace       used 148611K, committed 149376K, reserved 1179648K
  class space    used 18993K, committed 19328K, reserved 1048576K
}
Event: 92.463 GC heap before
{Heap before GC invocations=74 (full 0):
 garbage-first heap   total 321536K, used 263934K [0x0000000700000000, 0x0000000800000000)
  region size 2048K, 46 young (94208K), 4 survivors (8192K)
 Metaspace       used 150748K, committed 151488K, reserved 1245184K
  class space    used 19271K, committed 19584K, reserved 1048576K
}
Event: 92.489 GC heap after
{Heap after GC invocations=75 (full 0):
 garbage-first heap   total 321536K, used 185267K [0x0000000700000000, 0x0000000800000000)
  region size 2048K, 4 young (8192K), 4 survivors (8192K)
 Metaspace       used 150748K, committed 151488K, reserved 1245184K
  class space    used 19271K, committed 19584K, reserved 1048576K
}
Event: 92.549 GC heap before
{Heap before GC invocations=75 (full 0):
 garbage-first heap   total 321536K, used 191411K [0x0000000700000000, 0x0000000800000000)
  region size 2048K, 7 young (14336K), 4 survivors (8192K)
 Metaspace       used 150768K, committed 151488K, reserved 1245184K
  class space    used 19271K, committed 19584K, reserved 1048576K
}
Event: 92.562 GC heap after
{Heap after GC invocations=76 (full 0):
 garbage-first heap   total 391168K, used 184949K [0x0000000700000000, 0x0000000800000000)
  region size 2048K, 1 young (2048K), 1 survivors (2048K)
 Metaspace       used 150768K, committed 151488K, reserved 1245184K
  class space    used 19271K, committed 19584K, reserved 1048576K
}
Event: 95.203 GC heap before
{Heap before GC invocations=76 (full 0):
 garbage-first heap   total 391168K, used 316021K [0x0000000700000000, 0x0000000800000000)
  region size 2048K, 65 young (133120K), 1 survivors (2048K)
 Metaspace       used 156757K, committed 157504K, reserved 1245184K
  class space    used 20279K, committed 20608K, reserved 1048576K
}
Event: 95.226 GC heap after
{Heap after GC invocations=77 (full 0):
 garbage-first heap   total 391168K, used 193666K [0x0000000700000000, 0x0000000800000000)
  region size 2048K, 5 young (10240K), 5 survivors (10240K)
 Metaspace       used 156757K, committed 157504K, reserved 1245184K
  class space    used 20279K, committed 20608K, reserved 1048576K
}
Event: 97.752 GC heap before
{Heap before GC invocations=78 (full 0):
 garbage-first heap   total 391168K, used 316546K [0x0000000700000000, 0x0000000800000000)
  region size 2048K, 66 young (135168K), 5 survivors (10240K)
 Metaspace       used 160204K, committed 161088K, reserved 1245184K
  class space    used 20754K, committed 21120K, reserved 1048576K
}
Event: 97.782 GC heap after
{Heap after GC invocations=79 (full 0):
 garbage-first heap   total 391168K, used 206231K [0x0000000700000000, 0x0000000800000000)
  region size 2048K, 7 young (14336K), 7 survivors (14336K)
 Metaspace       used 160204K, committed 161088K, reserved 1245184K
  class space    used 20754K, committed 21120K, reserved 1048576K
}
Event: 97.859 GC heap before
{Heap before GC invocations=79 (full 0):
 garbage-first heap   total 391168K, used 210327K [0x0000000700000000, 0x0000000800000000)
  region size 2048K, 9 young (18432K), 7 survivors (14336K)
 Metaspace       used 160297K, committed 161152K, reserved 1245184K
  class space    used 20768K, committed 21120K, reserved 1048576K
}
Event: 97.879 GC heap after
{Heap after GC invocations=80 (full 0):
 garbage-first heap   total 391168K, used 191043K [0x0000000700000000, 0x0000000800000000)
  region size 2048K, 1 young (2048K), 1 survivors (2048K)
 Metaspace       used 160297K, committed 161152K, reserved 1245184K
  class space    used 20768K, committed 21120K, reserved 1048576K
}
Event: 99.635 GC heap before
{Heap before GC invocations=80 (full 0):
 garbage-first heap   total 391168K, used 311875K [0x0000000700000000, 0x0000000800000000)
  region size 2048K, 61 young (124928K), 1 survivors (2048K)
 Metaspace       used 161326K, committed 162176K, reserved 1245184K
  class space    used 20941K, committed 21312K, reserved 1048576K
}
Event: 99.650 GC heap after
{Heap after GC invocations=81 (full 0):
 garbage-first heap   total 391168K, used 200697K [0x0000000700000000, 0x0000000800000000)
  region size 2048K, 6 young (12288K), 6 survivors (12288K)
 Metaspace       used 161326K, committed 162176K, reserved 1245184K
  class space    used 20941K, committed 21312K, reserved 1048576K
}
Event: 102.883 GC heap before
{Heap before GC invocations=82 (full 0):
 garbage-first heap   total 391168K, used 315385K [0x0000000700000000, 0x0000000800000000)
  region size 2048K, 62 young (126976K), 6 survivors (12288K)
 Metaspace       used 168256K, committed 169216K, reserved 1245184K
  class space    used 21934K, committed 22336K, reserved 1048576K
}
Event: 102.919 GC heap after
{Heap after GC invocations=83 (full 0):
 garbage-first heap   total 391168K, used 207099K [0x0000000700000000, 0x0000000800000000)
  region size 2048K, 7 young (14336K), 7 survivors (14336K)
 Metaspace       used 168256K, committed 169216K, reserved 1245184K
  class space    used 21934K, committed 22336K, reserved 1048576K
}
Event: 102.986 GC heap before
{Heap before GC invocations=83 (full 0):
 garbage-first heap   total 391168K, used 211195K [0x0000000700000000, 0x0000000800000000)
  region size 2048K, 9 young (18432K), 7 survivors (14336K)
 Metaspace       used 168491K, committed 169472K, reserved 1245184K
  class space    used 21964K, committed 22400K, reserved 1048576K
}
Event: 103.013 GC heap after
{Heap after GC invocations=84 (full 0):
 garbage-first heap   total 391168K, used 198398K [0x0000000700000000, 0x0000000800000000)
  region size 2048K, 1 young (2048K), 1 survivors (2048K)
 Metaspace       used 168491K, committed 169472K, reserved 1245184K
  class space    used 21964K, committed 22400K, reserved 1048576K
}

