# JRE version: OpenJDK Runtime Environment (17.0.10) (build 17.0.10+0--11572160)
# Java VM: OpenJDK 64-Bit Server VM (17.0.10+0--11572160, mixed mode, tiered, compressed oops, compressed class ptrs, g1 gc, windows-amd64)
GC Precious Log:
 CPUs: 4 total, 4 available
 Memory: 6051M
 Large Page Support: Disabled
 NUMA Support: Disabled
 Compressed Oops: Enabled (32-bit)
 Heap Region Size: 1M
 Heap Min Capacity: 8M
 Heap Initial Capacity: 96M
 Heap Max Capacity: 1514M
 Pre-touch: Disabled
 Parallel Workers: 4
 Concurrent Workers: 1
 Concurrent Refinement Workers: 4
 Periodic GC: Disabled
Heap:
 garbage-first heap   total 98304K, used 36625K [0x00000000a1600000, 0x0000000100000000)
  region size 1024K, 7 young (7168K), 4 survivors (4096K)
 Metaspace       used 63378K, committed 63616K, reserved 1114112K
  class space    used 7579K, committed 7680K, reserved 1048576K
GC Heap History (20 events):
Event: 6.790 GC heap before
{Heap before GC invocations=10 (full 0):
 garbage-first heap   total 46080K, used 19473K [0x00000000a1600000, 0x0000000100000000)
  region size 1024K, 3 young (3072K), 2 survivors (2048K)
 Metaspace       used 37932K, committed 38144K, reserved 1114112K
  class space    used 4733K, committed 4864K, reserved 1048576K
}
Event: 6.795 GC heap after
{Heap after GC invocations=11 (full 0):
 garbage-first heap   total 46080K, used 19045K [0x00000000a1600000, 0x0000000100000000)
  region size 1024K, 1 young (1024K), 1 survivors (1024K)
 Metaspace       used 37932K, committed 38144K, reserved 1114112K
  class space    used 4733K, committed 4864K, reserved 1048576K
}
Event: 7.244 GC heap before
{Heap before GC invocations=11 (full 0):
 garbage-first heap   total 46080K, used 32357K [0x00000000a1600000, 0x0000000100000000)
  region size 1024K, 14 young (14336K), 1 survivors (1024K)
 Metaspace       used 40589K, committed 40896K, reserved 1114112K
  class space    used 4970K, committed 5120K, reserved 1048576K
}
Event: 7.251 GC heap after
{Heap after GC invocations=12 (full 0):
 garbage-first heap   total 46080K, used 20776K [0x00000000a1600000, 0x0000000100000000)
  region size 1024K, 2 young (2048K), 2 survivors (2048K)
 Metaspace       used 40589K, committed 40896K, reserved 1114112K
  class space    used 4970K, committed 5120K, reserved 1048576K
}
Event: 8.190 GC heap before
{Heap before GC invocations=12 (full 0):
 garbage-first heap   total 46080K, used 34088K [0x00000000a1600000, 0x0000000100000000)
  region size 1024K, 15 young (15360K), 2 survivors (2048K)
 Metaspace       used 44609K, committed 44864K, reserved 1114112K
  class space    used 5456K, committed 5568K, reserved 1048576K
}
Event: 8.198 GC heap after
{Heap after GC invocations=13 (full 0):
 garbage-first heap   total 46080K, used 20817K [0x00000000a1600000, 0x0000000100000000)
  region size 1024K, 1 young (1024K), 1 survivors (1024K)
 Metaspace       used 44609K, committed 44864K, reserved 1114112K
  class space    used 5456K, committed 5568K, reserved 1048576K
}
Event: 8.954 GC heap before
{Heap before GC invocations=13 (full 0):
 garbage-first heap   total 46080K, used 32081K [0x00000000a1600000, 0x0000000100000000)
  region size 1024K, 13 young (13312K), 1 survivors (1024K)
 Metaspace       used 47099K, committed 47360K, reserved 1114112K
  class space    used 5738K, committed 5824K, reserved 1048576K
}
Event: 8.961 GC heap after
{Heap after GC invocations=14 (full 0):
 garbage-first heap   total 46080K, used 21986K [0x00000000a1600000, 0x0000000100000000)
  region size 1024K, 2 young (2048K), 2 survivors (2048K)
 Metaspace       used 47099K, committed 47360K, reserved 1114112K
  class space    used 5738K, committed 5824K, reserved 1048576K
}
Event: 9.458 GC heap before
{Heap before GC invocations=14 (full 0):
 garbage-first heap   total 46080K, used 31202K [0x00000000a1600000, 0x0000000100000000)
  region size 1024K, 10 young (10240K), 2 survivors (2048K)
 Metaspace       used 49407K, committed 49600K, reserved 1114112K
  class space    used 6025K, committed 6144K, reserved 1048576K
}
Event: 9.466 GC heap after
{Heap after GC invocations=15 (full 0):
 garbage-first heap   total 46080K, used 25068K [0x00000000a1600000, 0x0000000100000000)
  region size 1024K, 1 young (1024K), 1 survivors (1024K)
 Metaspace       used 49407K, committed 49600K, reserved 1114112K
  class space    used 6025K, committed 6144K, reserved 1048576K
}
Event: 9.643 GC heap before
{Heap before GC invocations=16 (full 0):
 garbage-first heap   total 50176K, used 35308K [0x00000000a1600000, 0x0000000100000000)
  region size 1024K, 11 young (11264K), 1 survivors (1024K)
 Metaspace       used 49410K, committed 49600K, reserved 1114112K
  class space    used 6026K, committed 6144K, reserved 1048576K
}
Event: 9.652 GC heap after
{Heap after GC invocations=17 (full 0):
 garbage-first heap   total 50176K, used 27934K [0x00000000a1600000, 0x0000000100000000)
  region size 1024K, 2 young (2048K), 2 survivors (2048K)
 Metaspace       used 49410K, committed 49600K, reserved 1114112K
  class space    used 6026K, committed 6144K, reserved 1048576K
}
Event: 9.933 GC heap before
{Heap before GC invocations=17 (full 0):
 garbage-first heap   total 50176K, used 38174K [0x00000000a1600000, 0x0000000100000000)
  region size 1024K, 12 young (12288K), 2 survivors (2048K)
 Metaspace       used 49415K, committed 49600K, reserved 1114112K
  class space    used 6026K, committed 6144K, reserved 1048576K
}
Event: 9.941 GC heap after
{Heap after GC invocations=18 (full 0):
 garbage-first heap   total 98304K, used 28422K [0x00000000a1600000, 0x0000000100000000)
  region size 1024K, 2 young (2048K), 2 survivors (2048K)
 Metaspace       used 49415K, committed 49600K, reserved 1114112K
  class space    used 6026K, committed 6144K, reserved 1048576K
}
Event: 13.241 GC heap before
{Heap before GC invocations=19 (full 0):
 garbage-first heap   total 98304K, used 70406K [0x00000000a1600000, 0x0000000100000000)
  region size 1024K, 43 young (44032K), 2 survivors (2048K)
 Metaspace       used 57283K, committed 57472K, reserved 1114112K
  class space    used 7081K, committed 7168K, reserved 1048576K
}
Event: 13.260 GC heap after
{Heap after GC invocations=20 (full 0):
 garbage-first heap   total 98304K, used 31706K [0x00000000a1600000, 0x0000000100000000)
  region size 1024K, 5 young (5120K), 5 survivors (5120K)
 Metaspace       used 57283K, committed 57472K, reserved 1114112K
  class space    used 7081K, committed 7168K, reserved 1048576K
}
Event: 13.267 GC heap before
{Heap before GC invocations=20 (full 0):
 garbage-first heap   total 98304K, used 32730K [0x00000000a1600000, 0x0000000100000000)
  region size 1024K, 6 young (6144K), 5 survivors (5120K)
 Metaspace       used 57284K, committed 57472K, reserved 1114112K
  class space    used 7081K, committed 7168K, reserved 1048576K
}
Event: 13.280 GC heap after
{Heap after GC invocations=21 (full 0):
 garbage-first heap   total 98304K, used 31287K [0x00000000a1600000, 0x0000000100000000)
  region size 1024K, 1 young (1024K), 1 survivors (1024K)
 Metaspace       used 57284K, committed 57472K, reserved 1114112K
  class space    used 7081K, committed 7168K, reserved 1048576K
}
Event: 18.742 GC heap before
{Heap before GC invocations=21 (full 0):
 garbage-first heap   total 98304K, used 71223K [0x00000000a1600000, 0x0000000100000000)
  region size 1024K, 40 young (40960K), 1 survivors (1024K)
 Metaspace       used 63163K, committed 63424K, reserved 1114112K
  class space    used 7578K, committed 7680K, reserved 1048576K
}
Event: 18.760 GC heap after
{Heap after GC invocations=22 (full 0):
 garbage-first heap   total 98304K, used 34577K [0x00000000a1600000, 0x0000000100000000)
  region size 1024K, 4 young (4096K), 4 survivors (4096K)
 Metaspace       used 63163K, committed 63424K, reserved 1114112K
  class space    used 7578K, committed 7680K, reserved 1048576K
}

