# JRE version: OpenJDK Runtime Environment (17.0.10) (build 17.0.10+0--11572160)
# Java VM: OpenJDK 64-Bit Server VM (17.0.10+0--11572160, mixed mode, tiered, compressed oops, compressed class ptrs, g1 gc, windows-amd64)
GC Precious Log:
 CPUs: 4 total, 4 available
 Memory: 6051M
 Large Page Support: Disabled
 NUMA Support: Disabled
 Compressed Oops: Enabled (Zero based)
 Heap Region Size: 2M
 Heap Min Capacity: 8M
 Heap Initial Capacity: 96M
 Heap Max Capacity: 4G
 Pre-touch: Disabled
 Parallel Workers: 4
 Concurrent Workers: 1
 Concurrent Refinement Workers: 4
 Periodic GC: Disabled
Heap:
 garbage-first heap   total 151552K, used 79342K [0x0000000700000000, 0x0000000800000000)
  region size 2048K, 3 young (6144K), 3 survivors (6144K)
 Metaspace       used 93673K, committed 94400K, reserved 1179648K
  class space    used 12838K, committed 13184K, reserved 1048576K
GC Heap History (20 events):
Event: 20.414 GC heap after
{Heap after GC invocations=25 (full 0):
 garbage-first heap   total 96256K, used 59677K [0x0000000700000000, 0x0000000800000000)
  region size 2048K, 2 young (4096K), 2 survivors (4096K)
 Metaspace       used 72688K, committed 73280K, reserved 1114112K
  class space    used 9898K, committed 10176K, reserved 1048576K
}
Event: 20.479 GC heap before
{Heap before GC invocations=25 (full 0):
 garbage-first heap   total 96256K, used 61725K [0x0000000700000000, 0x0000000800000000)
  region size 2048K, 3 young (6144K), 2 survivors (4096K)
 Metaspace       used 72960K, committed 73600K, reserved 1114112K
  class space    used 9947K, committed 10240K, reserved 1048576K
}
Event: 20.486 GC heap after
{Heap after GC invocations=26 (full 0):
 garbage-first heap   total 96256K, used 59946K [0x0000000700000000, 0x0000000800000000)
  region size 2048K, 1 young (2048K), 1 survivors (2048K)
 Metaspace       used 72960K, committed 73600K, reserved 1114112K
  class space    used 9947K, committed 10240K, reserved 1048576K
}
Event: 20.771 GC heap before
{Heap before GC invocations=26 (full 0):
 garbage-first heap   total 96256K, used 72234K [0x0000000700000000, 0x0000000800000000)
  region size 2048K, 7 young (14336K), 1 survivors (2048K)
 Metaspace       used 74453K, committed 75008K, reserved 1114112K
  class space    used 10130K, committed 10368K, reserved 1048576K
}
Event: 20.774 GC heap after
{Heap after GC invocations=27 (full 0):
 garbage-first heap   total 96256K, used 59999K [0x0000000700000000, 0x0000000800000000)
  region size 2048K, 1 young (2048K), 1 survivors (2048K)
 Metaspace       used 74453K, committed 75008K, reserved 1114112K
  class space    used 10130K, committed 10368K, reserved 1048576K
}
Event: 21.191 GC heap before
{Heap before GC invocations=28 (full 0):
 garbage-first heap   total 112640K, used 74335K [0x0000000700000000, 0x0000000800000000)
  region size 2048K, 8 young (16384K), 1 survivors (2048K)
 Metaspace       used 76340K, committed 76864K, reserved 1179648K
  class space    used 10381K, committed 10624K, reserved 1048576K
}
Event: 21.195 GC heap after
{Heap after GC invocations=29 (full 0):
 garbage-first heap   total 112640K, used 60540K [0x0000000700000000, 0x0000000800000000)
  region size 2048K, 1 young (2048K), 1 survivors (2048K)
 Metaspace       used 76340K, committed 76864K, reserved 1179648K
  class space    used 10381K, committed 10624K, reserved 1048576K
}
Event: 21.271 GC heap before
{Heap before GC invocations=29 (full 0):
 garbage-first heap   total 112640K, used 62588K [0x0000000700000000, 0x0000000800000000)
  region size 2048K, 2 young (4096K), 1 survivors (2048K)
 Metaspace       used 76775K, committed 77312K, reserved 1179648K
  class space    used 10454K, committed 10688K, reserved 1048576K
}
Event: 21.277 GC heap after
{Heap after GC invocations=30 (full 0):
 garbage-first heap   total 151552K, used 60585K [0x0000000700000000, 0x0000000800000000)
  region size 2048K, 1 young (2048K), 1 survivors (2048K)
 Metaspace       used 76775K, committed 77312K, reserved 1179648K
  class space    used 10454K, committed 10688K, reserved 1048576K
}
Event: 22.507 GC heap before
{Heap before GC invocations=30 (full 0):
 garbage-first heap   total 151552K, used 105641K [0x0000000700000000, 0x0000000800000000)
  region size 2048K, 24 young (49152K), 1 survivors (2048K)
 Metaspace       used 80701K, committed 81280K, reserved 1179648K
  class space    used 10925K, committed 11200K, reserved 1048576K
}
Event: 22.515 GC heap after
{Heap after GC invocations=31 (full 0):
 garbage-first heap   total 151552K, used 63968K [0x0000000700000000, 0x0000000800000000)
  region size 2048K, 3 young (6144K), 3 survivors (6144K)
 Metaspace       used 80701K, committed 81280K, reserved 1179648K
  class space    used 10925K, committed 11200K, reserved 1048576K
}
Event: 23.683 GC heap before
{Heap before GC invocations=31 (full 0):
 garbage-first heap   total 151552K, used 109024K [0x0000000700000000, 0x0000000800000000)
  region size 2048K, 25 young (51200K), 3 survivors (6144K)
 Metaspace       used 84636K, committed 85184K, reserved 1179648K
  class space    used 11402K, committed 11648K, reserved 1048576K
}
Event: 23.694 GC heap after
{Heap after GC invocations=32 (full 0):
 garbage-first heap   total 151552K, used 66812K [0x0000000700000000, 0x0000000800000000)
  region size 2048K, 4 young (8192K), 4 survivors (8192K)
 Metaspace       used 84636K, committed 85184K, reserved 1179648K
  class space    used 11402K, committed 11648K, reserved 1048576K
}
Event: 24.590 GC heap before
{Heap before GC invocations=32 (full 0):
 garbage-first heap   total 151552K, used 113916K [0x0000000700000000, 0x0000000800000000)
  region size 2048K, 27 young (55296K), 4 survivors (8192K)
 Metaspace       used 86783K, committed 87360K, reserved 1179648K
  class space    used 11707K, committed 11968K, reserved 1048576K
}
Event: 24.605 GC heap after
{Heap after GC invocations=33 (full 0):
 garbage-first heap   total 151552K, used 70975K [0x0000000700000000, 0x0000000800000000)
  region size 2048K, 4 young (8192K), 4 survivors (8192K)
 Metaspace       used 86783K, committed 87360K, reserved 1179648K
  class space    used 11707K, committed 11968K, reserved 1048576K
}
Event: 25.558 GC heap before
{Heap before GC invocations=33 (full 0):
 garbage-first heap   total 151552K, used 113983K [0x0000000700000000, 0x0000000800000000)
  region size 2048K, 26 young (53248K), 4 survivors (8192K)
 Metaspace       used 88813K, committed 89472K, reserved 1179648K
  class space    used 11973K, committed 12288K, reserved 1048576K
}
Event: 25.572 GC heap after
{Heap after GC invocations=34 (full 0):
 garbage-first heap   total 151552K, used 74059K [0x0000000700000000, 0x0000000800000000)
  region size 2048K, 4 young (8192K), 4 survivors (8192K)
 Metaspace       used 88813K, committed 89472K, reserved 1179648K
  class space    used 11973K, committed 12288K, reserved 1048576K
}
Event: 26.196 GC heap before
{Heap before GC invocations=34 (full 0):
 garbage-first heap   total 151552K, used 119115K [0x0000000700000000, 0x0000000800000000)
  region size 2048K, 26 young (53248K), 4 survivors (8192K)
 Metaspace       used 89269K, committed 89984K, reserved 1179648K
  class space    used 12034K, committed 12352K, reserved 1048576K
}
Event: 26.212 GC heap after
{Heap after GC invocations=35 (full 0):
 garbage-first heap   total 151552K, used 76394K [0x0000000700000000, 0x0000000800000000)
  region size 2048K, 3 young (6144K), 3 survivors (6144K)
 Metaspace       used 89269K, committed 89984K, reserved 1179648K
  class space    used 12034K, committed 12352K, reserved 1048576K
}
Event: 27.368 GC heap before
{Heap before GC invocations=35 (full 0):
 garbage-first heap   total 151552K, used 119402K [0x0000000700000000, 0x0000000800000000)
  region size 2048K, 24 young (49152K), 3 survivors (6144K)
 Metaspace       used 93673K, committed 94400K, reserved 1179648K
  class space    used 12838K, committed 13184K, reserved 1048576K
}

