# JRE version: OpenJDK Runtime Environment (17.0.10) (build 17.0.10+0--11572160)
# Java VM: OpenJDK 64-Bit Server VM (17.0.10+0--11572160, mixed mode, tiered, compressed oops, compressed class ptrs, g1 gc, windows-amd64)
GC Precious Log:
 CPUs: 4 total, 4 available
 Memory: 6051M
 Large Page Support: Disabled
 NUMA Support: Disabled
 Compressed Oops: Enabled (Zero based)
 Heap Region Size: 2M
 Heap Min Capacity: 8M
 Heap Initial Capacity: 96M
 Heap Max Capacity: 4G
 Pre-touch: Disabled
 Parallel Workers: 4
 Concurrent Workers: 1
 Concurrent Refinement Workers: 4
 Periodic GC: Disabled
Heap:
 garbage-first heap   total 233472K, used 122562K [0x0000000700000000, 0x0000000800000000)
  region size 2048K, 17 young (34816K), 3 survivors (6144K)
 Metaspace       used 99773K, committed 100608K, reserved 1179648K
  class space    used 13783K, committed 14144K, reserved 1048576K
GC Heap History (20 events):
Event: 26.116 GC heap before
{Heap before GC invocations=34 (full 0):
 garbage-first heap   total 110592K, used 80899K [0x0000000700000000, 0x0000000800000000)
  region size 2048K, 12 young (24576K), 1 survivors (2048K)
 Metaspace       used 74262K, committed 74944K, reserved 1114112K
  class space    used 10063K, committed 10368K, reserved 1048576K
}
Event: 26.131 GC heap after
{Heap after GC invocations=35 (full 0):
 garbage-first heap   total 110592K, used 67444K [0x0000000700000000, 0x0000000800000000)
  region size 2048K, 2 young (4096K), 2 survivors (4096K)
 Metaspace       used 74262K, committed 74944K, reserved 1114112K
  class space    used 10063K, committed 10368K, reserved 1048576K
}
Event: 26.525 GC heap before
{Heap before GC invocations=35 (full 0):
 garbage-first heap   total 110592K, used 81780K [0x0000000700000000, 0x0000000800000000)
  region size 2048K, 9 young (18432K), 2 survivors (4096K)
 Metaspace       used 75588K, committed 76160K, reserved 1179648K
  class space    used 10250K, committed 10496K, reserved 1048576K
}
Event: 26.532 GC heap after
{Heap after GC invocations=36 (full 0):
 garbage-first heap   total 110592K, used 68530K [0x0000000700000000, 0x0000000800000000)
  region size 2048K, 1 young (2048K), 1 survivors (2048K)
 Metaspace       used 75588K, committed 76160K, reserved 1179648K
  class space    used 10250K, committed 10496K, reserved 1048576K
}
Event: 26.930 GC heap before
{Heap before GC invocations=37 (full 0):
 garbage-first heap   total 126976K, used 84914K [0x0000000700000000, 0x0000000800000000)
  region size 2048K, 9 young (18432K), 1 survivors (2048K)
 Metaspace       used 76752K, committed 77312K, reserved 1179648K
  class space    used 10394K, committed 10688K, reserved 1048576K
}
Event: 26.936 GC heap after
{Heap after GC invocations=38 (full 0):
 garbage-first heap   total 126976K, used 69590K [0x0000000700000000, 0x0000000800000000)
  region size 2048K, 2 young (4096K), 2 survivors (4096K)
 Metaspace       used 76752K, committed 77312K, reserved 1179648K
  class space    used 10394K, committed 10688K, reserved 1048576K
}
Event: 26.967 GC heap before
{Heap before GC invocations=38 (full 0):
 garbage-first heap   total 126976K, used 71638K [0x0000000700000000, 0x0000000800000000)
  region size 2048K, 3 young (6144K), 2 survivors (4096K)
 Metaspace       used 76835K, committed 77440K, reserved 1179648K
  class space    used 10408K, committed 10688K, reserved 1048576K
}
Event: 26.971 GC heap after
{Heap after GC invocations=39 (full 0):
 garbage-first heap   total 126976K, used 68119K [0x0000000700000000, 0x0000000800000000)
  region size 2048K, 1 young (2048K), 1 survivors (2048K)
 Metaspace       used 76835K, committed 77440K, reserved 1179648K
  class space    used 10408K, committed 10688K, reserved 1048576K
}
Event: 27.691 GC heap before
{Heap before GC invocations=39 (full 0):
 garbage-first heap   total 126976K, used 96791K [0x0000000700000000, 0x0000000800000000)
  region size 2048K, 15 young (30720K), 1 survivors (2048K)
 Metaspace       used 79582K, committed 80128K, reserved 1179648K
  class space    used 10747K, committed 11008K, reserved 1048576K
}
Event: 27.697 GC heap after
{Heap after GC invocations=40 (full 0):
 garbage-first heap   total 194560K, used 68956K [0x0000000700000000, 0x0000000800000000)
  region size 2048K, 1 young (2048K), 1 survivors (2048K)
 Metaspace       used 79582K, committed 80128K, reserved 1179648K
  class space    used 10747K, committed 11008K, reserved 1048576K
}
Event: 29.199 GC heap before
{Heap before GC invocations=41 (full 0):
 garbage-first heap   total 194560K, used 144732K [0x0000000700000000, 0x0000000800000000)
  region size 2048K, 38 young (77824K), 1 survivors (2048K)
 Metaspace       used 82104K, committed 82752K, reserved 1179648K
  class space    used 11085K, committed 11392K, reserved 1048576K
}
Event: 29.213 GC heap after
{Heap after GC invocations=42 (full 0):
 garbage-first heap   total 194560K, used 74535K [0x0000000700000000, 0x0000000800000000)
  region size 2048K, 4 young (8192K), 4 survivors (8192K)
 Metaspace       used 82104K, committed 82752K, reserved 1179648K
  class space    used 11085K, committed 11392K, reserved 1048576K
}
Event: 30.383 GC heap before
{Heap before GC invocations=42 (full 0):
 garbage-first heap   total 194560K, used 146215K [0x0000000700000000, 0x0000000800000000)
  region size 2048K, 39 young (79872K), 4 survivors (8192K)
 Metaspace       used 85044K, committed 85632K, reserved 1179648K
  class space    used 11520K, committed 11776K, reserved 1048576K
}
Event: 30.401 GC heap after
{Heap after GC invocations=43 (full 0):
 garbage-first heap   total 194560K, used 79501K [0x0000000700000000, 0x0000000800000000)
  region size 2048K, 3 young (6144K), 3 survivors (6144K)
 Metaspace       used 85044K, committed 85632K, reserved 1179648K
  class space    used 11520K, committed 11776K, reserved 1048576K
}
Event: 31.974 GC heap before
{Heap before GC invocations=43 (full 0):
 garbage-first heap   total 194560K, used 149133K [0x0000000700000000, 0x0000000800000000)
  region size 2048K, 37 young (75776K), 3 survivors (6144K)
 Metaspace       used 90296K, committed 90944K, reserved 1179648K
  class space    used 12426K, committed 12736K, reserved 1048576K
}
Event: 31.991 GC heap after
{Heap after GC invocations=44 (full 0):
 garbage-first heap   total 194560K, used 85321K [0x0000000700000000, 0x0000000800000000)
  region size 2048K, 5 young (10240K), 5 survivors (10240K)
 Metaspace       used 90296K, committed 90944K, reserved 1179648K
  class space    used 12426K, committed 12736K, reserved 1048576K
}
Event: 33.734 GC heap before
{Heap before GC invocations=44 (full 0):
 garbage-first heap   total 194560K, used 152905K [0x0000000700000000, 0x0000000800000000)
  region size 2048K, 38 young (77824K), 5 survivors (10240K)
 Metaspace       used 96985K, committed 97728K, reserved 1179648K
  class space    used 13396K, committed 13696K, reserved 1048576K
}
Event: 33.760 GC heap after
{Heap after GC invocations=45 (full 0):
 garbage-first heap   total 194560K, used 91908K [0x0000000700000000, 0x0000000800000000)
  region size 2048K, 4 young (8192K), 4 survivors (8192K)
 Metaspace       used 96985K, committed 97728K, reserved 1179648K
  class space    used 13396K, committed 13696K, reserved 1048576K
}
Event: 41.040 GC heap before
{Heap before GC invocations=45 (full 0):
 garbage-first heap   total 194560K, used 151300K [0x0000000700000000, 0x0000000800000000)
  region size 2048K, 34 young (69632K), 4 survivors (8192K)
 Metaspace       used 98834K, committed 99584K, reserved 1179648K
  class space    used 13672K, committed 14016K, reserved 1048576K
}
Event: 41.060 GC heap after
{Heap after GC invocations=46 (full 0):
 garbage-first heap   total 233472K, used 95938K [0x0000000700000000, 0x0000000800000000)
  region size 2048K, 3 young (6144K), 3 survivors (6144K)
 Metaspace       used 98834K, committed 99584K, reserved 1179648K
  class space    used 13672K, committed 14016K, reserved 1048576K
}

