# JRE version: OpenJDK Runtime Environment (17.0.10) (build 17.0.10+0--11572160)
# Java VM: OpenJDK 64-Bit Server VM (17.0.10+0--11572160, mixed mode, tiered, compressed oops, compressed class ptrs, g1 gc, windows-amd64)
GC Precious Log:
 CPUs: 4 total, 4 available
 Memory: 6051M
 Large Page Support: Disabled
 NUMA Support: Disabled
 Compressed Oops: Enabled (Zero based)
 Heap Region Size: 2M
 Heap Min Capacity: 8M
 Heap Initial Capacity: 96M
 Heap Max Capacity: 4G
 Pre-touch: Disabled
 Parallel Workers: 4
 Concurrent Workers: 1
 Concurrent Refinement Workers: 4
 Periodic GC: Disabled
Heap:
 garbage-first heap   total 1099776K, used 156954K [0x0000000700000000, 0x0000000800000000)
  region size 2048K, 11 young (22528K), 2 survivors (4096K)
 Metaspace       used 112492K, committed 113536K, reserved 1179648K
  class space    used 15191K, committed 15680K, reserved 1048576K
GC Heap History (20 events):
Event: 1028.557 GC heap before
{Heap before GC invocations=69 (full 0):
 garbage-first heap   total 522240K, used 144511K [0x0000000700000000, 0x0000000800000000)
  region size 2048K, 12 young (24576K), 7 survivors (14336K)
 Metaspace       used 110883K, committed 111872K, reserved 1179648K
  class space    used 15102K, committed 15552K, reserved 1048576K
}
Event: 1028.589 GC heap after
{Heap after GC invocations=70 (full 0):
 garbage-first heap   total 522240K, used 139383K [0x0000000700000000, 0x0000000800000000)
  region size 2048K, 2 young (4096K), 2 survivors (4096K)
 Metaspace       used 110883K, committed 111872K, reserved 1179648K
  class space    used 15102K, committed 15552K, reserved 1048576K
}
Event: 6197.847 GC heap before
{Heap before GC invocations=70 (full 0):
 garbage-first heap   total 522240K, used 395383K [0x0000000700000000, 0x0000000800000000)
  region size 2048K, 128 young (262144K), 2 survivors (4096K)
 Metaspace       used 111411K, committed 112384K, reserved 1179648K
  class space    used 15137K, committed 15552K, reserved 1048576K
}
Event: 6197.961 GC heap after
{Heap after GC invocations=71 (full 0):
 garbage-first heap   total 522240K, used 148208K [0x0000000700000000, 0x0000000800000000)
  region size 2048K, 7 young (14336K), 7 survivors (14336K)
 Metaspace       used 111411K, committed 112384K, reserved 1179648K
  class space    used 15137K, committed 15552K, reserved 1048576K
}
Event: 6218.162 GC heap before
{Heap before GC invocations=71 (full 0):
 garbage-first heap   total 522240K, used 287472K [0x0000000700000000, 0x0000000800000000)
  region size 2048K, 77 young (157696K), 7 survivors (14336K)
 Metaspace       used 111869K, committed 112896K, reserved 1179648K
  class space    used 15168K, committed 15616K, reserved 1048576K
}
Event: 6218.743 GC heap after
{Heap after GC invocations=72 (full 0):
 garbage-first heap   total 522240K, used 162814K [0x0000000700000000, 0x0000000800000000)
  region size 2048K, 14 young (28672K), 14 survivors (28672K)
 Metaspace       used 111869K, committed 112896K, reserved 1179648K
  class space    used 15168K, committed 15616K, reserved 1048576K
}
Event: 6653.867 GC heap before
{Heap before GC invocations=73 (full 0):
 garbage-first heap   total 522240K, used 492542K [0x0000000700000000, 0x0000000800000000)
  region size 2048K, 46 young (94208K), 14 survivors (28672K)
 Metaspace       used 111939K, committed 113088K, reserved 1179648K
  class space    used 15146K, committed 15680K, reserved 1048576K
}
Event: 6654.288 GC heap after
{Heap after GC invocations=74 (full 0):
 garbage-first heap   total 522240K, used 148300K [0x0000000700000000, 0x0000000800000000)
  region size 2048K, 2 young (4096K), 2 survivors (4096K)
 Metaspace       used 111939K, committed 113088K, reserved 1179648K
  class space    used 15146K, committed 15680K, reserved 1048576K
}
Event: 7405.521 GC heap before
{Heap before GC invocations=74 (full 0):
 garbage-first heap   total 522240K, used 168780K [0x0000000700000000, 0x0000000800000000)
  region size 2048K, 12 young (24576K), 2 survivors (4096K)
 Metaspace       used 111939K, committed 113088K, reserved 1179648K
  class space    used 15146K, committed 15680K, reserved 1048576K
}
Event: 7405.941 GC heap after
{Heap after GC invocations=75 (full 0):
 garbage-first heap   total 522240K, used 142498K [0x0000000700000000, 0x0000000800000000)
  region size 2048K, 1 young (2048K), 1 survivors (2048K)
 Metaspace       used 111939K, committed 113088K, reserved 1179648K
  class space    used 15146K, committed 15680K, reserved 1048576K
}
Event: 7879.727 GC heap before
{Heap before GC invocations=75 (full 0):
 garbage-first heap   total 522240K, used 165026K [0x0000000700000000, 0x0000000800000000)
  region size 2048K, 12 young (24576K), 1 survivors (2048K)
 Metaspace       used 111997K, committed 113088K, reserved 1179648K
  class space    used 15155K, committed 15680K, reserved 1048576K
}
Event: 7879.876 GC heap after
{Heap after GC invocations=76 (full 0):
 garbage-first heap   total 522240K, used 140527K [0x0000000700000000, 0x0000000800000000)
  region size 2048K, 2 young (4096K), 2 survivors (4096K)
 Metaspace       used 111997K, committed 113088K, reserved 1179648K
  class space    used 15155K, committed 15680K, reserved 1048576K
}
Event: 7880.457 GC heap before
{Heap before GC invocations=76 (full 0):
 garbage-first heap   total 522240K, used 158959K [0x0000000700000000, 0x0000000800000000)
  region size 2048K, 12 young (24576K), 2 survivors (4096K)
 Metaspace       used 112046K, committed 113152K, reserved 1179648K
  class space    used 15157K, committed 15680K, reserved 1048576K
}
Event: 7880.587 GC heap after
{Heap after GC invocations=77 (full 0):
 garbage-first heap   total 522240K, used 139914K [0x0000000700000000, 0x0000000800000000)
  region size 2048K, 2 young (4096K), 2 survivors (4096K)
 Metaspace       used 112046K, committed 113152K, reserved 1179648K
  class space    used 15157K, committed 15680K, reserved 1048576K
}
Event: 7881.160 GC heap before
{Heap before GC invocations=77 (full 0):
 garbage-first heap   total 522240K, used 158346K [0x0000000700000000, 0x0000000800000000)
  region size 2048K, 12 young (24576K), 2 survivors (4096K)
 Metaspace       used 112118K, committed 113216K, reserved 1179648K
  class space    used 15168K, committed 15680K, reserved 1048576K
}
Event: 7881.441 GC heap after
{Heap after GC invocations=78 (full 0):
 garbage-first heap   total 522240K, used 138696K [0x0000000700000000, 0x0000000800000000)
  region size 2048K, 1 young (2048K), 1 survivors (2048K)
 Metaspace       used 112118K, committed 113216K, reserved 1179648K
  class space    used 15168K, committed 15680K, reserved 1048576K
}
Event: 7882.208 GC heap before
{Heap before GC invocations=78 (full 0):
 garbage-first heap   total 522240K, used 161224K [0x0000000700000000, 0x0000000800000000)
  region size 2048K, 12 young (24576K), 1 survivors (2048K)
 Metaspace       used 112303K, committed 113408K, reserved 1179648K
  class space    used 15179K, committed 15680K, reserved 1048576K
}
Event: 7882.283 GC heap after
{Heap after GC invocations=79 (full 0):
 garbage-first heap   total 522240K, used 142365K [0x0000000700000000, 0x0000000800000000)
  region size 2048K, 2 young (4096K), 2 survivors (4096K)
 Metaspace       used 112303K, committed 113408K, reserved 1179648K
  class space    used 15179K, committed 15680K, reserved 1048576K
}
Event: 7882.883 GC heap before
{Heap before GC invocations=80 (full 0):
 garbage-first heap   total 505856K, used 156701K [0x0000000700000000, 0x0000000800000000)
  region size 2048K, 12 young (24576K), 2 survivors (4096K)
 Metaspace       used 112430K, committed 113472K, reserved 1179648K
  class space    used 15188K, committed 15680K, reserved 1048576K
}
Event: 7883.179 GC heap after
{Heap after GC invocations=81 (full 0):
 garbage-first heap   total 1099776K, used 142618K [0x0000000700000000, 0x0000000800000000)
  region size 2048K, 2 young (4096K), 2 survivors (4096K)
 Metaspace       used 112430K, committed 113472K, reserved 1179648K
  class space    used 15188K, committed 15680K, reserved 1048576K
}

