# JRE version: OpenJDK Runtime Environment (17.0.10) (build 17.0.10+0--11572160)
# Java VM: OpenJDK 64-Bit Server VM (17.0.10+0--11572160, mixed mode, tiered, compressed oops, compressed class ptrs, g1 gc, windows-amd64)
GC Precious Log:
 CPUs: 4 total, 4 available
 Memory: 6051M
 Large Page Support: Disabled
 NUMA Support: Disabled
 Compressed Oops: Enabled (Zero based)
 Heap Region Size: 2M
 Heap Min Capacity: 8M
 Heap Initial Capacity: 96M
 Heap Max Capacity: 4G
 Pre-touch: Disabled
 Parallel Workers: 4
 Concurrent Workers: 1
 Concurrent Refinement Workers: 4
 Periodic GC: Disabled
Heap:
 garbage-first heap   total 280576K, used 167647K [0x0000000700000000, 0x0000000800000000)
  region size 2048K, 18 young (36864K), 3 survivors (6144K)
 Metaspace       used 107547K, committed 108416K, reserved 1179648K
  class space    used 14907K, committed 15296K, reserved 1048576K
GC Heap History (20 events):
Event: 44.561 GC heap before
{Heap before GC invocations=53 (full 0):
 garbage-first heap   total 159744K, used 132807K [0x0000000700000000, 0x0000000800000000)
  region size 2048K, 24 young (49152K), 3 survivors (6144K)
 Metaspace       used 93187K, committed 93952K, reserved 1179648K
  class space    used 12902K, committed 13248K, reserved 1048576K
}
Event: 44.579 GC heap after
{Heap after GC invocations=54 (full 0):
 garbage-first heap   total 159744K, used 95129K [0x0000000700000000, 0x0000000800000000)
  region size 2048K, 3 young (6144K), 3 survivors (6144K)
 Metaspace       used 93187K, committed 93952K, reserved 1179648K
  class space    used 12902K, committed 13248K, reserved 1048576K
}
Event: 46.674 GC heap before
{Heap before GC invocations=55 (full 0):
 garbage-first heap   total 172032K, used 127897K [0x0000000700000000, 0x0000000800000000)
  region size 2048K, 20 young (40960K), 3 survivors (6144K)
 Metaspace       used 94237K, committed 95040K, reserved 1179648K
  class space    used 13034K, committed 13376K, reserved 1048576K
}
Event: 46.695 GC heap after
{Heap after GC invocations=56 (full 0):
 garbage-first heap   total 172032K, used 102525K [0x0000000700000000, 0x0000000800000000)
  region size 2048K, 3 young (6144K), 3 survivors (6144K)
 Metaspace       used 94237K, committed 95040K, reserved 1179648K
  class space    used 13034K, committed 13376K, reserved 1048576K
}
Event: 49.392 GC heap before
{Heap before GC invocations=56 (full 0):
 garbage-first heap   total 172032K, used 135293K [0x0000000700000000, 0x0000000800000000)
  region size 2048K, 20 young (40960K), 3 survivors (6144K)
 Metaspace       used 95185K, committed 96000K, reserved 1179648K
  class space    used 13201K, committed 13568K, reserved 1048576K
}
Event: 49.407 GC heap after
{Heap after GC invocations=57 (full 0):
 garbage-first heap   total 172032K, used 112339K [0x0000000700000000, 0x0000000800000000)
  region size 2048K, 3 young (6144K), 3 survivors (6144K)
 Metaspace       used 95185K, committed 96000K, reserved 1179648K
  class space    used 13201K, committed 13568K, reserved 1048576K
}
Event: 50.833 GC heap before
{Heap before GC invocations=58 (full 0):
 garbage-first heap   total 202752K, used 136915K [0x0000000700000000, 0x0000000800000000)
  region size 2048K, 16 young (32768K), 3 survivors (6144K)
 Metaspace       used 95774K, committed 96576K, reserved 1179648K
  class space    used 13274K, committed 13632K, reserved 1048576K
}
Event: 50.847 GC heap after
{Heap after GC invocations=59 (full 0):
 garbage-first heap   total 202752K, used 117917K [0x0000000700000000, 0x0000000800000000)
  region size 2048K, 2 young (4096K), 2 survivors (4096K)
 Metaspace       used 95774K, committed 96576K, reserved 1179648K
  class space    used 13274K, committed 13632K, reserved 1048576K
}
Event: 52.421 GC heap before
{Heap before GC invocations=59 (full 0):
 garbage-first heap   total 202752K, used 158877K [0x0000000700000000, 0x0000000800000000)
  region size 2048K, 22 young (45056K), 2 survivors (4096K)
 Metaspace       used 97930K, committed 98752K, reserved 1179648K
  class space    used 13565K, committed 13952K, reserved 1048576K
}
Event: 52.439 GC heap after
{Heap after GC invocations=60 (full 0):
 garbage-first heap   total 202752K, used 122967K [0x0000000700000000, 0x0000000800000000)
  region size 2048K, 3 young (6144K), 3 survivors (6144K)
 Metaspace       used 97930K, committed 98752K, reserved 1179648K
  class space    used 13565K, committed 13952K, reserved 1048576K
}
Event: 54.206 GC heap before
{Heap before GC invocations=61 (full 0):
 garbage-first heap   total 223232K, used 159831K [0x0000000700000000, 0x0000000800000000)
  region size 2048K, 21 young (43008K), 3 survivors (6144K)
 Metaspace       used 103149K, committed 104000K, reserved 1179648K
  class space    used 14304K, committed 14720K, reserved 1048576K
}
Event: 54.221 GC heap after
{Heap after GC invocations=62 (full 0):
 garbage-first heap   total 223232K, used 125333K [0x0000000700000000, 0x0000000800000000)
  region size 2048K, 2 young (4096K), 2 survivors (4096K)
 Metaspace       used 103149K, committed 104000K, reserved 1179648K
  class space    used 14304K, committed 14720K, reserved 1048576K
}
Event: 56.196 GC heap before
{Heap before GC invocations=62 (full 0):
 garbage-first heap   total 223232K, used 176533K [0x0000000700000000, 0x0000000800000000)
  region size 2048K, 28 young (57344K), 2 survivors (4096K)
 Metaspace       used 105067K, committed 105920K, reserved 1179648K
  class space    used 14566K, committed 14976K, reserved 1048576K
}
Event: 56.215 GC heap after
{Heap after GC invocations=63 (full 0):
 garbage-first heap   total 223232K, used 131747K [0x0000000700000000, 0x0000000800000000)
  region size 2048K, 4 young (8192K), 4 survivors (8192K)
 Metaspace       used 105067K, committed 105920K, reserved 1179648K
  class space    used 14566K, committed 14976K, reserved 1048576K
}
Event: 58.958 GC heap before
{Heap before GC invocations=64 (full 0):
 garbage-first heap   total 229376K, used 176803K [0x0000000700000000, 0x0000000800000000)
  region size 2048K, 27 young (55296K), 4 survivors (8192K)
 Metaspace       used 105953K, committed 106816K, reserved 1179648K
  class space    used 14694K, committed 15104K, reserved 1048576K
}
Event: 58.979 GC heap after
{Heap after GC invocations=65 (full 0):
 garbage-first heap   total 229376K, used 136206K [0x0000000700000000, 0x0000000800000000)
  region size 2048K, 3 young (6144K), 3 survivors (6144K)
 Metaspace       used 105953K, committed 106816K, reserved 1179648K
  class space    used 14694K, committed 15104K, reserved 1048576K
}
Event: 59.169 GC heap before
{Heap before GC invocations=65 (full 0):
 garbage-first heap   total 229376K, used 140302K [0x0000000700000000, 0x0000000800000000)
  region size 2048K, 5 young (10240K), 3 survivors (6144K)
 Metaspace       used 106060K, committed 106880K, reserved 1179648K
  class space    used 14708K, committed 15104K, reserved 1048576K
}
Event: 59.184 GC heap after
{Heap after GC invocations=66 (full 0):
 garbage-first heap   total 229376K, used 135698K [0x0000000700000000, 0x0000000800000000)
  region size 2048K, 1 young (2048K), 1 survivors (2048K)
 Metaspace       used 106060K, committed 106880K, reserved 1179648K
  class space    used 14708K, committed 15104K, reserved 1048576K
}
Event: 61.642 GC heap before
{Heap before GC invocations=66 (full 0):
 garbage-first heap   total 229376K, used 182802K [0x0000000700000000, 0x0000000800000000)
  region size 2048K, 25 young (51200K), 1 survivors (2048K)
 Metaspace       used 107138K, committed 107968K, reserved 1179648K
  class space    used 14835K, committed 15232K, reserved 1048576K
}
Event: 61.653 GC heap after
{Heap after GC invocations=67 (full 0):
 garbage-first heap   total 280576K, used 138975K [0x0000000700000000, 0x0000000800000000)
  region size 2048K, 3 young (6144K), 3 survivors (6144K)
 Metaspace       used 107138K, committed 107968K, reserved 1179648K
  class space    used 14835K, committed 15232K, reserved 1048576K
}

