# JRE version: OpenJDK Runtime Environment (17.0.10) (build 17.0.10+0--11572160)
# Java VM: OpenJDK 64-Bit Server VM (17.0.10+0--11572160, mixed mode, tiered, compressed oops, compressed class ptrs, g1 gc, windows-amd64)
GC Precious Log:
 CPUs: 4 total, 4 available
 Memory: 6051M
 Large Page Support: Disabled
 NUMA Support: Disabled
 Compressed Oops: Enabled (Zero based)
 Heap Region Size: 2M
 Heap Min Capacity: 8M
 Heap Initial Capacity: 96M
 Heap Max Capacity: 4G
 Pre-touch: Disabled
 Parallel Workers: 4
 Concurrent Workers: 1
 Concurrent Refinement Workers: 4
 Periodic GC: Disabled
Heap:
 garbage-first heap   total 786432K, used 263342K [0x0000000700000000, 0x0000000800000000)
  region size 2048K, 2 young (4096K), 2 survivors (4096K)
 Metaspace       used 144109K, committed 145152K, reserved 1179648K
  class space    used 19354K, committed 19840K, reserved 1048576K
GC Heap History (20 events):
Event: 172.144 GC heap after
{Heap after GC invocations=102 (full 0):
 garbage-first heap   total 786432K, used 286996K [0x0000000700000000, 0x0000000800000000)
  region size 2048K, 12 young (24576K), 12 survivors (24576K)
 Metaspace       used 143792K, committed 144896K, reserved 1179648K
  class space    used 19339K, committed 19840K, reserved 1048576K
}
Event: 172.230 GC heap before
{Heap before GC invocations=102 (full 0):
 garbage-first heap   total 786432K, used 301332K [0x0000000700000000, 0x0000000800000000)
  region size 2048K, 19 young (38912K), 12 survivors (24576K)
 Metaspace       used 143794K, committed 144896K, reserved 1179648K
  class space    used 19339K, committed 19840K, reserved 1048576K
}
Event: 172.349 GC heap after
{Heap after GC invocations=103 (full 0):
 garbage-first heap   total 786432K, used 276024K [0x0000000700000000, 0x0000000800000000)
  region size 2048K, 2 young (4096K), 2 survivors (4096K)
 Metaspace       used 143794K, committed 144896K, reserved 1179648K
  class space    used 19339K, committed 19840K, reserved 1048576K
}
Event: 174.646 GC heap before
{Heap before GC invocations=103 (full 0):
 garbage-first heap   total 786432K, used 671288K [0x0000000700000000, 0x0000000800000000)
  region size 2048K, 195 young (399360K), 2 survivors (4096K)
 Metaspace       used 143825K, committed 144896K, reserved 1179648K
  class space    used 19344K, committed 19840K, reserved 1048576K
}
Event: 174.706 GC heap after
{Heap after GC invocations=104 (full 0):
 garbage-first heap   total 786432K, used 294223K [0x0000000700000000, 0x0000000800000000)
  region size 2048K, 11 young (22528K), 11 survivors (22528K)
 Metaspace       used 143825K, committed 144896K, reserved 1179648K
  class space    used 19344K, committed 19840K, reserved 1048576K
}
Event: 176.607 GC heap before
{Heap before GC invocations=104 (full 0):
 garbage-first heap   total 786432K, used 662863K [0x0000000700000000, 0x0000000800000000)
  region size 2048K, 191 young (391168K), 11 survivors (22528K)
 Metaspace       used 143899K, committed 144960K, reserved 1179648K
  class space    used 19346K, committed 19840K, reserved 1048576K
}
Event: 176.659 GC heap after
{Heap after GC invocations=105 (full 0):
 garbage-first heap   total 786432K, used 299415K [0x0000000700000000, 0x0000000800000000)
  region size 2048K, 14 young (28672K), 14 survivors (28672K)
 Metaspace       used 143899K, committed 144960K, reserved 1179648K
  class space    used 19346K, committed 19840K, reserved 1048576K
}
Event: 178.284 GC heap before
{Heap before GC invocations=105 (full 0):
 garbage-first heap   total 786432K, used 666007K [0x0000000700000000, 0x0000000800000000)
  region size 2048K, 193 young (395264K), 14 survivors (28672K)
 Metaspace       used 143905K, committed 144960K, reserved 1179648K
  class space    used 19346K, committed 19840K, reserved 1048576K
}
Event: 178.329 GC heap after
{Heap after GC invocations=106 (full 0):
 garbage-first heap   total 786432K, used 299904K [0x0000000700000000, 0x0000000800000000)
  region size 2048K, 13 young (26624K), 13 survivors (26624K)
 Metaspace       used 143905K, committed 144960K, reserved 1179648K
  class space    used 19346K, committed 19840K, reserved 1048576K
}
Event: 180.912 GC heap before
{Heap before GC invocations=107 (full 0):
 garbage-first heap   total 786432K, used 670592K [0x0000000700000000, 0x0000000800000000)
  region size 2048K, 196 young (401408K), 13 survivors (26624K)
 Metaspace       used 143967K, committed 145024K, reserved 1179648K
  class space    used 19350K, committed 19840K, reserved 1048576K
}
Event: 180.970 GC heap after
{Heap after GC invocations=108 (full 0):
 garbage-first heap   total 786432K, used 297984K [0x0000000700000000, 0x0000000800000000)
  region size 2048K, 15 young (30720K), 15 survivors (30720K)
 Metaspace       used 143967K, committed 145024K, reserved 1179648K
  class space    used 19350K, committed 19840K, reserved 1048576K
}
Event: 181.032 GC heap before
{Heap before GC invocations=108 (full 0):
 garbage-first heap   total 786432K, used 306176K [0x0000000700000000, 0x0000000800000000)
  region size 2048K, 19 young (38912K), 15 survivors (30720K)
 Metaspace       used 143967K, committed 145024K, reserved 1179648K
  class space    used 19350K, committed 19840K, reserved 1048576K
}
Event: 181.103 GC heap after
{Heap after GC invocations=109 (full 0):
 garbage-first heap   total 786432K, used 274174K [0x0000000700000000, 0x0000000800000000)
  region size 2048K, 2 young (4096K), 2 survivors (4096K)
 Metaspace       used 143967K, committed 145024K, reserved 1179648K
  class space    used 19350K, committed 19840K, reserved 1048576K
}
Event: 183.536 GC heap before
{Heap before GC invocations=109 (full 0):
 garbage-first heap   total 786432K, used 677630K [0x0000000700000000, 0x0000000800000000)
  region size 2048K, 195 young (399360K), 2 survivors (4096K)
 Metaspace       used 144016K, committed 145088K, reserved 1179648K
  class space    used 19350K, committed 19840K, reserved 1048576K
}
Event: 183.558 GC heap after
{Heap after GC invocations=110 (full 0):
 garbage-first heap   total 786432K, used 276978K [0x0000000700000000, 0x0000000800000000)
  region size 2048K, 4 young (8192K), 4 survivors (8192K)
 Metaspace       used 144016K, committed 145088K, reserved 1179648K
  class space    used 19350K, committed 19840K, reserved 1048576K
}
Event: 183.851 GC heap before
{Heap before GC invocations=110 (full 0):
 garbage-first heap   total 786432K, used 299506K [0x0000000700000000, 0x0000000800000000)
  region size 2048K, 16 young (32768K), 4 survivors (8192K)
 Metaspace       used 144068K, committed 145152K, reserved 1179648K
  class space    used 19350K, committed 19840K, reserved 1048576K
}
Event: 183.867 GC heap after
{Heap after GC invocations=111 (full 0):
 garbage-first heap   total 786432K, used 278044K [0x0000000700000000, 0x0000000800000000)
  region size 2048K, 4 young (8192K), 4 survivors (8192K)
 Metaspace       used 144068K, committed 145152K, reserved 1179648K
  class space    used 19350K, committed 19840K, reserved 1048576K
}
Event: 186.521 GC heap before
{Heap before GC invocations=112 (full 0):
 garbage-first heap   total 786432K, used 680912K [0x0000000700000000, 0x0000000800000000)
  region size 2048K, 197 young (403456K), 4 survivors (8192K)
 Metaspace       used 144109K, committed 145152K, reserved 1179648K
  class space    used 19354K, committed 19840K, reserved 1048576K
}
Event: 186.568 GC heap after
{Heap after GC invocations=113 (full 0):
 garbage-first heap   total 786432K, used 303093K [0x0000000700000000, 0x0000000800000000)
  region size 2048K, 17 young (34816K), 17 survivors (34816K)
 Metaspace       used 144109K, committed 145152K, reserved 1179648K
  class space    used 19354K, committed 19840K, reserved 1048576K
}
Event: 186.585 GC heap before
{Heap before GC invocations=113 (full 0):
 garbage-first heap   total 786432K, used 307189K [0x0000000700000000, 0x0000000800000000)
  region size 2048K, 19 young (38912K), 17 survivors (34816K)
 Metaspace       used 144109K, committed 145152K, reserved 1179648K
  class space    used 19354K, committed 19840K, reserved 1048576K
}

