# JRE version: OpenJDK Runtime Environment (17.0.10) (build 17.0.10+0--11572160)
# Java VM: OpenJDK 64-Bit Server VM (17.0.10+0--11572160, mixed mode, tiered, compressed oops, compressed class ptrs, g1 gc, windows-amd64)
GC Precious Log:
 CPUs: 4 total, 4 available
 Memory: 6051M
 Large Page Support: Disabled
 NUMA Support: Disabled
 Compressed Oops: Enabled (Zero based)
 Heap Region Size: 2M
 Heap Min Capacity: 8M
 Heap Initial Capacity: 96M
 Heap Max Capacity: 4G
 Pre-touch: Disabled
 Parallel Workers: 4
 Concurrent Workers: 1
 Concurrent Refinement Workers: 4
 Periodic GC: Disabled
Heap:
 garbage-first heap   total 821248K, used 352106K [0x0000000700000000, 0x0000000800000000)
  region size 2048K, 91 young (186368K), 1 survivors (2048K)
 Metaspace       used 154741K, committed 155904K, reserved 1245184K
  class space    used 20596K, committed 21120K, reserved 1048576K
GC Heap History (20 events):
Event: 133.190 GC heap before
{Heap before GC invocations=69 (full 0):
 garbage-first heap   total 251904K, used 208432K [0x0000000700000000, 0x0000000800000000)
  region size 2048K, 34 young (69632K), 2 survivors (4096K)
 Metaspace       used 118590K, committed 119488K, reserved 1179648K
  class space    used 16040K, committed 16448K, reserved 1048576K
}
Event: 133.201 GC heap after
{Heap after GC invocations=70 (full 0):
 garbage-first heap   total 251904K, used 148159K [0x0000000700000000, 0x0000000800000000)
  region size 2048K, 4 young (8192K), 4 survivors (8192K)
 Metaspace       used 118590K, committed 119488K, reserved 1179648K
  class space    used 16040K, committed 16448K, reserved 1048576K
}
Event: 136.755 GC heap before
{Heap before GC invocations=70 (full 0):
 garbage-first heap   total 251904K, used 207551K [0x0000000700000000, 0x0000000800000000)
  region size 2048K, 34 young (69632K), 4 survivors (8192K)
 Metaspace       used 123446K, committed 124352K, reserved 1179648K
  class space    used 16530K, committed 16960K, reserved 1048576K
}
Event: 136.769 GC heap after
{Heap after GC invocations=71 (full 0):
 garbage-first heap   total 251904K, used 149155K [0x0000000700000000, 0x0000000800000000)
  region size 2048K, 3 young (6144K), 3 survivors (6144K)
 Metaspace       used 123446K, committed 124352K, reserved 1179648K
  class space    used 16530K, committed 16960K, reserved 1048576K
}
Event: 139.904 GC heap before
{Heap before GC invocations=71 (full 0):
 garbage-first heap   total 251904K, used 208547K [0x0000000700000000, 0x0000000800000000)
  region size 2048K, 33 young (67584K), 3 survivors (6144K)
 Metaspace       used 125458K, committed 126464K, reserved 1179648K
  class space    used 16714K, committed 17152K, reserved 1048576K
}
Event: 139.920 GC heap after
{Heap after GC invocations=72 (full 0):
 garbage-first heap   total 251904K, used 152160K [0x0000000700000000, 0x0000000800000000)
  region size 2048K, 4 young (8192K), 4 survivors (8192K)
 Metaspace       used 125458K, committed 126464K, reserved 1179648K
  class space    used 16714K, committed 17152K, reserved 1048576K
}
Event: 143.594 GC heap before
{Heap before GC invocations=72 (full 0):
 garbage-first heap   total 251904K, used 209504K [0x0000000700000000, 0x0000000800000000)
  region size 2048K, 33 young (67584K), 4 survivors (8192K)
 Metaspace       used 129373K, committed 130432K, reserved 1179648K
  class space    used 17245K, committed 17728K, reserved 1048576K
}
Event: 143.614 GC heap after
{Heap after GC invocations=73 (full 0):
 garbage-first heap   total 251904K, used 155519K [0x0000000700000000, 0x0000000800000000)
  region size 2048K, 4 young (8192K), 4 survivors (8192K)
 Metaspace       used 129373K, committed 130432K, reserved 1179648K
  class space    used 17245K, committed 17728K, reserved 1048576K
}
Event: 149.548 GC heap before
{Heap before GC invocations=73 (full 0):
 garbage-first heap   total 251904K, used 210815K [0x0000000700000000, 0x0000000800000000)
  region size 2048K, 31 young (63488K), 4 survivors (8192K)
 Metaspace       used 136241K, committed 137344K, reserved 1179648K
  class space    used 18107K, committed 18624K, reserved 1048576K
}
Event: 149.579 GC heap after
{Heap after GC invocations=74 (full 0):
 garbage-first heap   total 251904K, used 166264K [0x0000000700000000, 0x0000000800000000)
  region size 2048K, 4 young (8192K), 4 survivors (8192K)
 Metaspace       used 136241K, committed 137344K, reserved 1179648K
  class space    used 18107K, committed 18624K, reserved 1048576K
}
Event: 156.005 GC heap before
{Heap before GC invocations=74 (full 0):
 garbage-first heap   total 251904K, used 205176K [0x0000000700000000, 0x0000000800000000)
  region size 2048K, 24 young (49152K), 4 survivors (8192K)
 Metaspace       used 139411K, committed 140480K, reserved 1179648K
  class space    used 18437K, committed 18944K, reserved 1048576K
}
Event: 156.027 GC heap after
{Heap after GC invocations=75 (full 0):
 garbage-first heap   total 251904K, used 170370K [0x0000000700000000, 0x0000000800000000)
  region size 2048K, 3 young (6144K), 3 survivors (6144K)
 Metaspace       used 139411K, committed 140480K, reserved 1179648K
  class space    used 18437K, committed 18944K, reserved 1048576K
}
Event: 158.554 GC heap before
{Heap before GC invocations=75 (full 0):
 garbage-first heap   total 251904K, used 205186K [0x0000000700000000, 0x0000000800000000)
  region size 2048K, 21 young (43008K), 3 survivors (6144K)
 Metaspace       used 140318K, committed 141312K, reserved 1179648K
  class space    used 18529K, committed 19008K, reserved 1048576K
}
Event: 158.573 GC heap after
{Heap after GC invocations=76 (full 0):
 garbage-first heap   total 251904K, used 174440K [0x0000000700000000, 0x0000000800000000)
  region size 2048K, 3 young (6144K), 3 survivors (6144K)
 Metaspace       used 140318K, committed 141312K, reserved 1179648K
  class space    used 18529K, committed 19008K, reserved 1048576K
}
Event: 158.701 GC heap before
{Heap before GC invocations=76 (full 0):
 garbage-first heap   total 251904K, used 190824K [0x0000000700000000, 0x0000000800000000)
  region size 2048K, 5 young (10240K), 3 survivors (6144K)
 Metaspace       used 140547K, committed 141632K, reserved 1179648K
  class space    used 18560K, committed 19072K, reserved 1048576K
}
Event: 158.710 GC heap after
{Heap after GC invocations=77 (full 0):
 garbage-first heap   total 251904K, used 191346K [0x0000000700000000, 0x0000000800000000)
  region size 2048K, 1 young (2048K), 1 survivors (2048K)
 Metaspace       used 140547K, committed 141632K, reserved 1179648K
  class space    used 18560K, committed 19072K, reserved 1048576K
}
Event: 169.285 GC heap before
{Heap before GC invocations=78 (full 0):
 garbage-first heap   total 505856K, used 377714K [0x0000000700000000, 0x0000000800000000)
  region size 2048K, 13 young (26624K), 1 survivors (2048K)
 Metaspace       used 140674K, committed 141760K, reserved 1179648K
  class space    used 18586K, committed 19072K, reserved 1048576K
}
Event: 169.292 GC heap after
{Heap after GC invocations=79 (full 0):
 garbage-first heap   total 505856K, used 193231K [0x0000000700000000, 0x0000000800000000)
  region size 2048K, 1 young (2048K), 1 survivors (2048K)
 Metaspace       used 140674K, committed 141760K, reserved 1179648K
  class space    used 18586K, committed 19072K, reserved 1048576K
}
Event: 180.509 GC heap before
{Heap before GC invocations=79 (full 0):
 garbage-first heap   total 821248K, used 809679K [0x0000000700000000, 0x0000000800000000)
  region size 2048K, 12 young (24576K), 1 survivors (2048K)
 Metaspace       used 140699K, committed 141760K, reserved 1179648K
  class space    used 18587K, committed 19072K, reserved 1048576K
}
Event: 180.520 GC heap after
{Heap after GC invocations=80 (full 0):
 garbage-first heap   total 821248K, used 169834K [0x0000000700000000, 0x0000000800000000)
  region size 2048K, 1 young (2048K), 1 survivors (2048K)
 Metaspace       used 140699K, committed 141760K, reserved 1179648K
  class space    used 18587K, committed 19072K, reserved 1048576K
}

