# JRE version: OpenJDK Runtime Environment (17.0.10) (build 17.0.10+0--11572160)
# Java VM: OpenJDK 64-Bit Server VM (17.0.10+0--11572160, mixed mode, tiered, compressed oops, compressed class ptrs, g1 gc, windows-amd64)
GC Precious Log:
 CPUs: 4 total, 4 available
 Memory: 6051M
 Large Page Support: Disabled
 NUMA Support: Disabled
 Compressed Oops: Enabled (Zero based)
 Heap Region Size: 2M
 Heap Min Capacity: 8M
 Heap Initial Capacity: 96M
 Heap Max Capacity: 4G
 Pre-touch: Disabled
 Parallel Workers: 4
 Concurrent Workers: 1
 Concurrent Refinement Workers: 4
 Periodic GC: Disabled
Heap:
 garbage-first heap   total 223232K, used 160944K [0x0000000700000000, 0x0000000800000000)
  region size 2048K, 19 young (38912K), 1 survivors (2048K)
 Metaspace       used 105349K, committed 106240K, reserved 1179648K
  class space    used 14643K, committed 15040K, reserved 1048576K
GC Heap History (20 events):
Event: 34.998 GC heap before
{Heap before GC invocations=48 (full 0):
 garbage-first heap   total 159744K, used 130961K [0x0000000700000000, 0x0000000800000000)
  region size 2048K, 28 young (57344K), 3 survivors (6144K)
 Metaspace       used 85979K, committed 86720K, reserved 1179648K
  class space    used 11682K, committed 12032K, reserved 1048576K
}
Event: 35.010 GC heap after
{Heap after GC invocations=49 (full 0):
 garbage-first heap   total 159744K, used 82835K [0x0000000700000000, 0x0000000800000000)
  region size 2048K, 3 young (6144K), 3 survivors (6144K)
 Metaspace       used 85979K, committed 86720K, reserved 1179648K
  class space    used 11682K, committed 12032K, reserved 1048576K
}
Event: 36.523 GC heap before
{Heap before GC invocations=49 (full 0):
 garbage-first heap   total 159744K, used 129939K [0x0000000700000000, 0x0000000800000000)
  region size 2048K, 26 young (53248K), 3 survivors (6144K)
 Metaspace       used 89751K, committed 90496K, reserved 1179648K
  class space    used 12351K, committed 12672K, reserved 1048576K
}
Event: 36.534 GC heap after
{Heap after GC invocations=50 (full 0):
 garbage-first heap   total 159744K, used 85915K [0x0000000700000000, 0x0000000800000000)
  region size 2048K, 3 young (6144K), 3 survivors (6144K)
 Metaspace       used 89751K, committed 90496K, reserved 1179648K
  class space    used 12351K, committed 12672K, reserved 1048576K
}
Event: 37.848 GC heap before
{Heap before GC invocations=51 (full 0):
 garbage-first heap   total 159744K, used 130971K [0x0000000700000000, 0x0000000800000000)
  region size 2048K, 25 young (51200K), 3 survivors (6144K)
 Metaspace       used 92993K, committed 93824K, reserved 1179648K
  class space    used 12870K, committed 13248K, reserved 1048576K
}
Event: 37.864 GC heap after
{Heap after GC invocations=52 (full 0):
 garbage-first heap   total 159744K, used 90033K [0x0000000700000000, 0x0000000800000000)
  region size 2048K, 4 young (8192K), 4 survivors (8192K)
 Metaspace       used 92993K, committed 93824K, reserved 1179648K
  class space    used 12870K, committed 13248K, reserved 1048576K
}
Event: 39.142 GC heap before
{Heap before GC invocations=52 (full 0):
 garbage-first heap   total 159744K, used 130993K [0x0000000700000000, 0x0000000800000000)
  region size 2048K, 24 young (49152K), 4 survivors (8192K)
 Metaspace       used 94498K, committed 95296K, reserved 1179648K
  class space    used 13086K, committed 13440K, reserved 1048576K
}
Event: 39.161 GC heap after
{Heap after GC invocations=53 (full 0):
 garbage-first heap   total 159744K, used 95310K [0x0000000700000000, 0x0000000800000000)
  region size 2048K, 3 young (6144K), 3 survivors (6144K)
 Metaspace       used 94498K, committed 95296K, reserved 1179648K
  class space    used 13086K, committed 13440K, reserved 1048576K
}
Event: 40.330 GC heap before
{Heap before GC invocations=54 (full 0):
 garbage-first heap   total 167936K, used 128078K [0x0000000700000000, 0x0000000800000000)
  region size 2048K, 20 young (40960K), 3 survivors (6144K)
 Metaspace       used 95757K, committed 96640K, reserved 1179648K
  class space    used 13309K, committed 13696K, reserved 1048576K
}
Event: 40.350 GC heap after
{Heap after GC invocations=55 (full 0):
 garbage-first heap   total 167936K, used 101819K [0x0000000700000000, 0x0000000800000000)
  region size 2048K, 3 young (6144K), 3 survivors (6144K)
 Metaspace       used 95757K, committed 96640K, reserved 1179648K
  class space    used 13309K, committed 13696K, reserved 1048576K
}
Event: 41.963 GC heap before
{Heap before GC invocations=55 (full 0):
 garbage-first heap   total 167936K, used 132539K [0x0000000700000000, 0x0000000800000000)
  region size 2048K, 19 young (38912K), 3 survivors (6144K)
 Metaspace       used 96108K, committed 96896K, reserved 1179648K
  class space    used 13341K, committed 13696K, reserved 1048576K
}
Event: 41.983 GC heap after
{Heap after GC invocations=56 (full 0):
 garbage-first heap   total 202752K, used 111830K [0x0000000700000000, 0x0000000800000000)
  region size 2048K, 3 young (6144K), 3 survivors (6144K)
 Metaspace       used 96108K, committed 96896K, reserved 1179648K
  class space    used 13341K, committed 13696K, reserved 1048576K
}
Event: 43.753 GC heap before
{Heap before GC invocations=57 (full 0):
 garbage-first heap   total 202752K, used 158934K [0x0000000700000000, 0x0000000800000000)
  region size 2048K, 26 young (53248K), 3 survivors (6144K)
 Metaspace       used 99512K, committed 100352K, reserved 1179648K
  class space    used 13881K, committed 14208K, reserved 1048576K
}
Event: 43.770 GC heap after
{Heap after GC invocations=58 (full 0):
 garbage-first heap   total 202752K, used 118748K [0x0000000700000000, 0x0000000800000000)
  region size 2048K, 3 young (6144K), 3 survivors (6144K)
 Metaspace       used 99512K, committed 100352K, reserved 1179648K
  class space    used 13881K, committed 14208K, reserved 1048576K
}
Event: 44.972 GC heap before
{Heap before GC invocations=58 (full 0):
 garbage-first heap   total 202752K, used 159708K [0x0000000700000000, 0x0000000800000000)
  region size 2048K, 23 young (47104K), 3 survivors (6144K)
 Metaspace       used 103485K, committed 104384K, reserved 1179648K
  class space    used 14370K, committed 14784K, reserved 1048576K
}
Event: 44.991 GC heap after
{Heap after GC invocations=59 (full 0):
 garbage-first heap   total 202752K, used 123786K [0x0000000700000000, 0x0000000800000000)
  region size 2048K, 3 young (6144K), 3 survivors (6144K)
 Metaspace       used 103485K, committed 104384K, reserved 1179648K
  class space    used 14370K, committed 14784K, reserved 1048576K
}
Event: 45.980 GC heap before
{Heap before GC invocations=60 (full 0):
 garbage-first heap   total 223232K, used 160650K [0x0000000700000000, 0x0000000800000000)
  region size 2048K, 21 young (43008K), 3 survivors (6144K)
 Metaspace       used 104450K, committed 105344K, reserved 1179648K
  class space    used 14489K, committed 14912K, reserved 1048576K
}
Event: 46.001 GC heap after
{Heap after GC invocations=61 (full 0):
 garbage-first heap   total 223232K, used 128840K [0x0000000700000000, 0x0000000800000000)
  region size 2048K, 3 young (6144K), 3 survivors (6144K)
 Metaspace       used 104450K, committed 105344K, reserved 1179648K
  class space    used 14489K, committed 14912K, reserved 1048576K
}
Event: 46.013 GC heap before
{Heap before GC invocations=61 (full 0):
 garbage-first heap   total 223232K, used 130888K [0x0000000700000000, 0x0000000800000000)
  region size 2048K, 5 young (10240K), 3 survivors (6144K)
 Metaspace       used 104451K, committed 105344K, reserved 1179648K
  class space    used 14489K, committed 14912K, reserved 1048576K
}
Event: 46.032 GC heap after
{Heap after GC invocations=62 (full 0):
 garbage-first heap   total 223232K, used 128176K [0x0000000700000000, 0x0000000800000000)
  region size 2048K, 1 young (2048K), 1 survivors (2048K)
 Metaspace       used 104451K, committed 105344K, reserved 1179648K
  class space    used 14489K, committed 14912K, reserved 1048576K
}

