# JRE version: OpenJDK Runtime Environment (17.0.10) (build 17.0.10+0--11572160)
# Java VM: OpenJDK 64-Bit Server VM (17.0.10+0--11572160, mixed mode, tiered, compressed oops, compressed class ptrs, g1 gc, windows-amd64)
GC Precious Log:
 CPUs: 4 total, 4 available
 Memory: 6051M
 Large Page Support: Disabled
 NUMA Support: Disabled
 Compressed Oops: Enabled (Zero based)
 Heap Region Size: 4M
 Heap Min Capacity: 8M
 Heap Initial Capacity: 96M
 Heap Max Capacity: 5G
 Pre-touch: Disabled
 Parallel Workers: 4
 Concurrent Workers: 1
 Concurrent Refinement Workers: 4
 Periodic GC: Disabled
Heap:
 garbage-first heap   total 561152K, used 304480K [0x00000006c0000000, 0x0000000800000000)
  region size 4096K, 5 young (20480K), 5 survivors (20480K)
 Metaspace       used 151710K, committed 152832K, reserved 1245184K
  class space    used 20308K, committed 20800K, reserved 1048576K
GC Heap History (20 events):
Event: 162.592 GC heap after
{Heap after GC invocations=64 (full 0):
 garbage-first heap   total 466944K, used 261089K [0x00000006c0000000, 0x0000000800000000)
  region size 4096K, 3 young (12288K), 3 survivors (12288K)
 Metaspace       used 147177K, committed 148288K, reserved 1179648K
  class space    used 19642K, committed 20160K, reserved 1048576K
}
Event: 164.398 GC heap before
{Heap before GC invocations=64 (full 0):
 garbage-first heap   total 466944K, used 404449K [0x00000006c0000000, 0x0000000800000000)
  region size 4096K, 38 young (155648K), 3 survivors (12288K)
 Metaspace       used 147281K, committed 148416K, reserved 1179648K
  class space    used 19661K, committed 20160K, reserved 1048576K
}
Event: 164.429 GC heap after
{Heap after GC invocations=65 (full 0):
 garbage-first heap   total 561152K, used 262028K [0x00000006c0000000, 0x0000000800000000)
  region size 4096K, 3 young (12288K), 3 survivors (12288K)
 Metaspace       used 147281K, committed 148416K, reserved 1179648K
  class space    used 19661K, committed 20160K, reserved 1048576K
}
Event: 168.314 GC heap before
{Heap before GC invocations=65 (full 0):
 garbage-first heap   total 561152K, used 487308K [0x00000006c0000000, 0x0000000800000000)
  region size 4096K, 58 young (237568K), 3 survivors (12288K)
 Metaspace       used 148990K, committed 150080K, reserved 1179648K
  class space    used 19912K, committed 20416K, reserved 1048576K
}
Event: 168.359 GC heap after
{Heap after GC invocations=66 (full 0):
 garbage-first heap   total 561152K, used 265075K [0x00000006c0000000, 0x0000000800000000)
  region size 4096K, 4 young (16384K), 4 survivors (16384K)
 Metaspace       used 148990K, committed 150080K, reserved 1179648K
  class space    used 19912K, committed 20416K, reserved 1048576K
}
Event: 172.221 GC heap before
{Heap before GC invocations=66 (full 0):
 garbage-first heap   total 561152K, used 486259K [0x00000006c0000000, 0x0000000800000000)
  region size 4096K, 57 young (233472K), 4 survivors (16384K)
 Metaspace       used 150339K, committed 151424K, reserved 1245184K
  class space    used 20109K, committed 20608K, reserved 1048576K
}
Event: 172.261 GC heap after
{Heap after GC invocations=67 (full 0):
 garbage-first heap   total 561152K, used 266359K [0x00000006c0000000, 0x0000000800000000)
  region size 4096K, 4 young (16384K), 4 survivors (16384K)
 Metaspace       used 150339K, committed 151424K, reserved 1245184K
  class space    used 20109K, committed 20608K, reserved 1048576K
}
Event: 174.259 GC heap before
{Heap before GC invocations=67 (full 0):
 garbage-first heap   total 561152K, used 479351K [0x00000006c0000000, 0x0000000800000000)
  region size 4096K, 57 young (233472K), 4 survivors (16384K)
 Metaspace       used 151420K, committed 152576K, reserved 1245184K
  class space    used 20281K, committed 20800K, reserved 1048576K
}
Event: 174.320 GC heap after
{Heap after GC invocations=68 (full 0):
 garbage-first heap   total 561152K, used 284555K [0x00000006c0000000, 0x0000000800000000)
  region size 4096K, 8 young (32768K), 8 survivors (32768K)
 Metaspace       used 151420K, committed 152576K, reserved 1245184K
  class space    used 20281K, committed 20800K, reserved 1048576K
}
Event: 176.070 GC heap before
{Heap before GC invocations=68 (full 0):
 garbage-first heap   total 561152K, used 468875K [0x00000006c0000000, 0x0000000800000000)
  region size 4096K, 53 young (217088K), 8 survivors (32768K)
 Metaspace       used 151446K, committed 152576K, reserved 1245184K
  class space    used 20285K, committed 20800K, reserved 1048576K
}
Event: 176.143 GC heap after
{Heap after GC invocations=69 (full 0):
 garbage-first heap   total 561152K, used 290647K [0x00000006c0000000, 0x0000000800000000)
  region size 4096K, 2 young (8192K), 2 survivors (8192K)
 Metaspace       used 151446K, committed 152576K, reserved 1245184K
  class space    used 20285K, committed 20800K, reserved 1048576K
}
Event: 177.708 GC heap before
{Heap before GC invocations=69 (full 0):
 garbage-first heap   total 561152K, used 479063K [0x00000006c0000000, 0x0000000800000000)
  region size 4096K, 48 young (196608K), 2 survivors (8192K)
 Metaspace       used 151467K, committed 152576K, reserved 1245184K
  class space    used 20290K, committed 20800K, reserved 1048576K
}
Event: 177.728 GC heap after
{Heap after GC invocations=70 (full 0):
 garbage-first heap   total 561152K, used 290543K [0x00000006c0000000, 0x0000000800000000)
  region size 4096K, 2 young (8192K), 2 survivors (8192K)
 Metaspace       used 151467K, committed 152576K, reserved 1245184K
  class space    used 20290K, committed 20800K, reserved 1048576K
}
Event: 179.022 GC heap before
{Heap before GC invocations=70 (full 0):
 garbage-first heap   total 561152K, used 478959K [0x00000006c0000000, 0x0000000800000000)
  region size 4096K, 48 young (196608K), 2 survivors (8192K)
 Metaspace       used 151478K, committed 152576K, reserved 1245184K
  class space    used 20290K, committed 20800K, reserved 1048576K
}
Event: 179.039 GC heap after
{Heap after GC invocations=71 (full 0):
 garbage-first heap   total 561152K, used 291907K [0x00000006c0000000, 0x0000000800000000)
  region size 4096K, 3 young (12288K), 3 survivors (12288K)
 Metaspace       used 151478K, committed 152576K, reserved 1245184K
  class space    used 20290K, committed 20800K, reserved 1048576K
}
Event: 181.323 GC heap before
{Heap before GC invocations=71 (full 0):
 garbage-first heap   total 561152K, used 476227K [0x00000006c0000000, 0x0000000800000000)
  region size 4096K, 49 young (200704K), 3 survivors (12288K)
 Metaspace       used 151504K, committed 152640K, reserved 1245184K
  class space    used 20292K, committed 20800K, reserved 1048576K
}
Event: 181.348 GC heap after
{Heap after GC invocations=72 (full 0):
 garbage-first heap   total 561152K, used 297737K [0x00000006c0000000, 0x0000000800000000)
  region size 4096K, 4 young (16384K), 4 survivors (16384K)
 Metaspace       used 151504K, committed 152640K, reserved 1245184K
  class space    used 20292K, committed 20800K, reserved 1048576K
}
Event: 182.322 GC heap before
{Heap before GC invocations=72 (full 0):
 garbage-first heap   total 561152K, used 482057K [0x00000006c0000000, 0x0000000800000000)
  region size 4096K, 49 young (200704K), 4 survivors (16384K)
 Metaspace       used 151689K, committed 152768K, reserved 1245184K
  class space    used 20308K, committed 20800K, reserved 1048576K
}
Event: 182.348 GC heap after
{Heap after GC invocations=73 (full 0):
 garbage-first heap   total 561152K, used 299482K [0x00000006c0000000, 0x0000000800000000)
  region size 4096K, 5 young (20480K), 5 survivors (20480K)
 Metaspace       used 151689K, committed 152768K, reserved 1245184K
  class space    used 20308K, committed 20800K, reserved 1048576K
}
Event: 183.247 GC heap before
{Heap before GC invocations=73 (full 0):
 garbage-first heap   total 561152K, used 479706K [0x00000006c0000000, 0x0000000800000000)
  region size 4096K, 49 young (200704K), 5 survivors (20480K)
 Metaspace       used 151710K, committed 152832K, reserved 1245184K
  class space    used 20308K, committed 20800K, reserved 1048576K
}

