# JRE version: OpenJDK Runtime Environment (17.0.10) (build 17.0.10+0--11572160)
# Java VM: OpenJDK 64-Bit Server VM (17.0.10+0--11572160, mixed mode, tiered, compressed oops, compressed class ptrs, g1 gc, windows-amd64)
GC Precious Log:
 CPUs: 4 total, 4 available
 Memory: 6051M
 Large Page Support: Disabled
 NUMA Support: Disabled
 Compressed Oops: Enabled (Zero based)
 Heap Region Size: 2M
 Heap Min Capacity: 8M
 Heap Initial Capacity: 96M
 Heap Max Capacity: 4G
 Pre-touch: Disabled
 Parallel Workers: 4
 Concurrent Workers: 1
 Concurrent Refinement Workers: 4
 Periodic GC: Disabled
Heap:
 garbage-first heap   total 157696K, used 97533K [0x0000000700000000, 0x0000000800000000)
  region size 2048K, 8 young (16384K), 3 survivors (6144K)
 Metaspace       used 98383K, committed 99136K, reserved 1179648K
  class space    used 13587K, committed 13888K, reserved 1048576K
GC Heap History (20 events):
Event: 28.751 GC heap before
{Heap before GC invocations=36 (full 0):
 garbage-first heap   total 112640K, used 83972K [0x0000000700000000, 0x0000000800000000)
  region size 2048K, 12 young (24576K), 1 survivors (2048K)
 Metaspace       used 78107K, committed 78720K, reserved 1179648K
  class space    used 10537K, committed 10816K, reserved 1048576K
}
Event: 28.759 GC heap after
{Heap after GC invocations=37 (full 0):
 garbage-first heap   total 112640K, used 65668K [0x0000000700000000, 0x0000000800000000)
  region size 2048K, 2 young (4096K), 2 survivors (4096K)
 Metaspace       used 78107K, committed 78720K, reserved 1179648K
  class space    used 10537K, committed 10816K, reserved 1048576K
}
Event: 29.752 GC heap before
{Heap before GC invocations=38 (full 0):
 garbage-first heap   total 120832K, used 88196K [0x0000000700000000, 0x0000000800000000)
  region size 2048K, 13 young (26624K), 2 survivors (4096K)
 Metaspace       used 80491K, committed 81088K, reserved 1179648K
  class space    used 10853K, committed 11136K, reserved 1048576K
}
Event: 29.759 GC heap after
{Heap after GC invocations=39 (full 0):
 garbage-first heap   total 120832K, used 65942K [0x0000000700000000, 0x0000000800000000)
  region size 2048K, 1 young (2048K), 1 survivors (2048K)
 Metaspace       used 80491K, committed 81088K, reserved 1179648K
  class space    used 10853K, committed 11136K, reserved 1048576K
}
Event: 30.541 GC heap before
{Heap before GC invocations=39 (full 0):
 garbage-first heap   total 120832K, used 96662K [0x0000000700000000, 0x0000000800000000)
  region size 2048K, 16 young (32768K), 1 survivors (2048K)
 Metaspace       used 81178K, committed 81856K, reserved 1179648K
  class space    used 10970K, committed 11264K, reserved 1048576K
}
Event: 30.552 GC heap after
{Heap after GC invocations=40 (full 0):
 garbage-first heap   total 120832K, used 69051K [0x0000000700000000, 0x0000000800000000)
  region size 2048K, 2 young (4096K), 2 survivors (4096K)
 Metaspace       used 81178K, committed 81856K, reserved 1179648K
  class space    used 10970K, committed 11264K, reserved 1048576K
}
Event: 31.332 GC heap before
{Heap before GC invocations=41 (full 0):
 garbage-first heap   total 131072K, used 95675K [0x0000000700000000, 0x0000000800000000)
  region size 2048K, 15 young (30720K), 2 survivors (4096K)
 Metaspace       used 81483K, committed 82112K, reserved 1179648K
  class space    used 10988K, committed 11264K, reserved 1048576K
}
Event: 31.342 GC heap after
{Heap after GC invocations=42 (full 0):
 garbage-first heap   total 131072K, used 70613K [0x0000000700000000, 0x0000000800000000)
  region size 2048K, 1 young (2048K), 1 survivors (2048K)
 Metaspace       used 81483K, committed 82112K, reserved 1179648K
  class space    used 10988K, committed 11264K, reserved 1048576K
}
Event: 32.126 GC heap before
{Heap before GC invocations=42 (full 0):
 garbage-first heap   total 131072K, used 105429K [0x0000000700000000, 0x0000000800000000)
  region size 2048K, 18 young (36864K), 1 survivors (2048K)
 Metaspace       used 83468K, committed 84096K, reserved 1179648K
  class space    used 11264K, committed 11520K, reserved 1048576K
}
Event: 32.130 GC heap after
{Heap after GC invocations=43 (full 0):
 garbage-first heap   total 131072K, used 71189K [0x0000000700000000, 0x0000000800000000)
  region size 2048K, 1 young (2048K), 1 survivors (2048K)
 Metaspace       used 83468K, committed 84096K, reserved 1179648K
  class space    used 11264K, committed 11520K, reserved 1048576K
}
Event: 32.940 GC heap before
{Heap before GC invocations=44 (full 0):
 garbage-first heap   total 131072K, used 103957K [0x0000000700000000, 0x0000000800000000)
  region size 2048K, 18 young (36864K), 1 survivors (2048K)
 Metaspace       used 83916K, committed 84544K, reserved 1179648K
  class space    used 11329K, committed 11584K, reserved 1048576K
}
Event: 32.954 GC heap after
{Heap after GC invocations=45 (full 0):
 garbage-first heap   total 131072K, used 74303K [0x0000000700000000, 0x0000000800000000)
  region size 2048K, 3 young (6144K), 3 survivors (6144K)
 Metaspace       used 83916K, committed 84544K, reserved 1179648K
  class space    used 11329K, committed 11584K, reserved 1048576K
}
Event: 33.834 GC heap before
{Heap before GC invocations=45 (full 0):
 garbage-first heap   total 131072K, used 107071K [0x0000000700000000, 0x0000000800000000)
  region size 2048K, 19 young (38912K), 3 survivors (6144K)
 Metaspace       used 87366K, committed 88000K, reserved 1179648K
  class space    used 11977K, committed 12224K, reserved 1048576K
}
Event: 33.846 GC heap after
{Heap after GC invocations=46 (full 0):
 garbage-first heap   total 157696K, used 76307K [0x0000000700000000, 0x0000000800000000)
  region size 2048K, 2 young (4096K), 2 survivors (4096K)
 Metaspace       used 87366K, committed 88000K, reserved 1179648K
  class space    used 11977K, committed 12224K, reserved 1048576K
}
Event: 35.530 GC heap before
{Heap before GC invocations=47 (full 0):
 garbage-first heap   total 157696K, used 125459K [0x0000000700000000, 0x0000000800000000)
  region size 2048K, 26 young (53248K), 2 survivors (4096K)
 Metaspace       used 90356K, committed 91072K, reserved 1179648K
  class space    used 12423K, committed 12736K, reserved 1048576K
}
Event: 35.543 GC heap after
{Heap after GC invocations=48 (full 0):
 garbage-first heap   total 157696K, used 80900K [0x0000000700000000, 0x0000000800000000)
  region size 2048K, 4 young (8192K), 4 survivors (8192K)
 Metaspace       used 90356K, committed 91072K, reserved 1179648K
  class space    used 12423K, committed 12736K, reserved 1048576K
}
Event: 36.844 GC heap before
{Heap before GC invocations=48 (full 0):
 garbage-first heap   total 157696K, used 125956K [0x0000000700000000, 0x0000000800000000)
  region size 2048K, 26 young (53248K), 4 survivors (8192K)
 Metaspace       used 93887K, committed 94592K, reserved 1179648K
  class space    used 12986K, committed 13312K, reserved 1048576K
}
Event: 36.862 GC heap after
{Heap after GC invocations=49 (full 0):
 garbage-first heap   total 157696K, used 85088K [0x0000000700000000, 0x0000000800000000)
  region size 2048K, 3 young (6144K), 3 survivors (6144K)
 Metaspace       used 93887K, committed 94592K, reserved 1179648K
  class space    used 12986K, committed 13312K, reserved 1048576K
}
Event: 38.450 GC heap before
{Heap before GC invocations=50 (full 0):
 garbage-first heap   total 157696K, used 126048K [0x0000000700000000, 0x0000000800000000)
  region size 2048K, 23 young (47104K), 3 survivors (6144K)
 Metaspace       used 97777K, committed 98496K, reserved 1179648K
  class space    used 13485K, committed 13760K, reserved 1048576K
}
Event: 38.464 GC heap after
{Heap after GC invocations=51 (full 0):
 garbage-first heap   total 157696K, used 89341K [0x0000000700000000, 0x0000000800000000)
  region size 2048K, 3 young (6144K), 3 survivors (6144K)
 Metaspace       used 97777K, committed 98496K, reserved 1179648K
  class space    used 13485K, committed 13760K, reserved 1048576K
}

