# JRE version: OpenJDK Runtime Environment (17.0.10) (build 17.0.10+0--11572160)
# Java VM: OpenJDK 64-Bit Server VM (17.0.10+0--11572160, mixed mode, tiered, compressed oops, compressed class ptrs, g1 gc, windows-amd64)
GC Precious Log:
 CPUs: 4 total, 4 available
 Memory: 6051M
 Large Page Support: Disabled
 NUMA Support: Disabled
 Compressed Oops: Enabled (Zero based)
 Heap Region Size: 2M
 Heap Min Capacity: 8M
 Heap Initial Capacity: 96M
 Heap Max Capacity: 4G
 Pre-touch: Disabled
 Parallel Workers: 4
 Concurrent Workers: 1
 Concurrent Refinement Workers: 4
 Periodic GC: Disabled
Heap:
 garbage-first heap   total 468992K, used 183277K [0x0000000700000000, 0x0000000800000000)
  region size 2048K, 1 young (2048K), 1 survivors (2048K)
 Metaspace       used 134691K, committed 135616K, reserved 1179648K
  class space    used 17749K, committed 18176K, reserved 1048576K
GC Heap History (20 events):
Event: 54.238 GC heap after
{Heap after GC invocations=61 (full 0):
 garbage-first heap   total 342016K, used 146970K [0x0000000700000000, 0x0000000800000000)
  region size 2048K, 5 young (10240K), 5 survivors (10240K)
 Metaspace       used 111363K, committed 112320K, reserved 1179648K
  class space    used 15313K, committed 15744K, reserved 1048576K
}
Event: 54.277 GC heap before
{Heap before GC invocations=61 (full 0):
 garbage-first heap   total 342016K, used 153114K [0x0000000700000000, 0x0000000800000000)
  region size 2048K, 8 young (16384K), 5 survivors (10240K)
 Metaspace       used 111363K, committed 112320K, reserved 1179648K
  class space    used 15313K, committed 15744K, reserved 1048576K
}
Event: 54.287 GC heap after
{Heap after GC invocations=62 (full 0):
 garbage-first heap   total 342016K, used 146266K [0x0000000700000000, 0x0000000800000000)
  region size 2048K, 1 young (2048K), 1 survivors (2048K)
 Metaspace       used 111363K, committed 112320K, reserved 1179648K
  class space    used 15313K, committed 15744K, reserved 1048576K
}
Event: 55.198 GC heap before
{Heap before GC invocations=62 (full 0):
 garbage-first heap   total 342016K, used 285530K [0x0000000700000000, 0x0000000800000000)
  region size 2048K, 70 young (143360K), 1 survivors (2048K)
 Metaspace       used 111569K, committed 112448K, reserved 1179648K
  class space    used 15324K, committed 15744K, reserved 1048576K
}
Event: 55.203 GC heap after
{Heap after GC invocations=63 (full 0):
 garbage-first heap   total 342016K, used 151854K [0x0000000700000000, 0x0000000800000000)
  region size 2048K, 4 young (8192K), 4 survivors (8192K)
 Metaspace       used 111569K, committed 112448K, reserved 1179648K
  class space    used 15324K, committed 15744K, reserved 1048576K
}
Event: 61.203 GC heap before
{Heap before GC invocations=63 (full 0):
 garbage-first heap   total 342016K, used 284974K [0x0000000700000000, 0x0000000800000000)
  region size 2048K, 70 young (143360K), 4 survivors (8192K)
 Metaspace       used 114156K, committed 115072K, reserved 1179648K
  class space    used 15573K, committed 16000K, reserved 1048576K
}
Event: 61.214 GC heap after
{Heap after GC invocations=64 (full 0):
 garbage-first heap   total 342016K, used 153955K [0x0000000700000000, 0x0000000800000000)
  region size 2048K, 5 young (10240K), 5 survivors (10240K)
 Metaspace       used 114156K, committed 115072K, reserved 1179648K
  class space    used 15573K, committed 16000K, reserved 1048576K
}
Event: 67.497 GC heap before
{Heap before GC invocations=64 (full 0):
 garbage-first heap   total 342016K, used 289123K [0x0000000700000000, 0x0000000800000000)
  region size 2048K, 71 young (145408K), 5 survivors (10240K)
 Metaspace       used 122664K, committed 123648K, reserved 1179648K
  class space    used 16338K, committed 16768K, reserved 1048576K
}
Event: 67.512 GC heap after
{Heap after GC invocations=65 (full 0):
 garbage-first heap   total 342016K, used 157162K [0x0000000700000000, 0x0000000800000000)
  region size 2048K, 6 young (12288K), 6 survivors (12288K)
 Metaspace       used 122664K, committed 123648K, reserved 1179648K
  class space    used 16338K, committed 16768K, reserved 1048576K
}
Event: 74.085 GC heap before
{Heap before GC invocations=65 (full 0):
 garbage-first heap   total 342016K, used 290282K [0x0000000700000000, 0x0000000800000000)
  region size 2048K, 71 young (145408K), 6 survivors (12288K)
 Metaspace       used 132958K, committed 133888K, reserved 1179648K
  class space    used 17603K, committed 18048K, reserved 1048576K
}
Event: 74.135 GC heap after
{Heap after GC invocations=66 (full 0):
 garbage-first heap   total 342016K, used 173808K [0x0000000700000000, 0x0000000800000000)
  region size 2048K, 9 young (18432K), 9 survivors (18432K)
 Metaspace       used 132958K, committed 133888K, reserved 1179648K
  class space    used 17603K, committed 18048K, reserved 1048576K
}
Event: 76.776 GC heap before
{Heap before GC invocations=66 (full 0):
 garbage-first heap   total 342016K, used 288496K [0x0000000700000000, 0x0000000800000000)
  region size 2048K, 63 young (129024K), 9 survivors (18432K)
 Metaspace       used 134691K, committed 135616K, reserved 1179648K
  class space    used 17749K, committed 18176K, reserved 1048576K
}
Event: 76.816 GC heap after
{Heap after GC invocations=67 (full 0):
 garbage-first heap   total 342016K, used 183573K [0x0000000700000000, 0x0000000800000000)
  region size 2048K, 7 young (14336K), 7 survivors (14336K)
 Metaspace       used 134691K, committed 135616K, reserved 1179648K
  class space    used 17749K, committed 18176K, reserved 1048576K
}
Event: 77.072 GC heap before
{Heap before GC invocations=67 (full 0):
 garbage-first heap   total 342016K, used 279829K [0x0000000700000000, 0x0000000800000000)
  region size 2048K, 54 young (110592K), 7 survivors (14336K)
 Metaspace       used 134691K, committed 135616K, reserved 1179648K
  class space    used 17749K, committed 18176K, reserved 1048576K
}
Event: 77.086 GC heap after
{Heap after GC invocations=68 (full 0):
 garbage-first heap   total 342016K, used 185469K [0x0000000700000000, 0x0000000800000000)
  region size 2048K, 2 young (4096K), 2 survivors (4096K)
 Metaspace       used 134691K, committed 135616K, reserved 1179648K
  class space    used 17749K, committed 18176K, reserved 1048576K
}
Event: 77.317 GC heap before
{Heap before GC invocations=68 (full 0):
 garbage-first heap   total 468992K, used 279677K [0x0000000700000000, 0x0000000800000000)
  region size 2048K, 49 young (100352K), 2 survivors (4096K)
 Metaspace       used 134691K, committed 135616K, reserved 1179648K
  class space    used 17749K, committed 18176K, reserved 1048576K
}
Event: 77.320 GC heap after
{Heap after GC invocations=69 (full 0):
 garbage-first heap   total 468992K, used 182100K [0x0000000700000000, 0x0000000800000000)
  region size 2048K, 1 young (2048K), 1 survivors (2048K)
 Metaspace       used 134691K, committed 135616K, reserved 1179648K
  class space    used 17749K, committed 18176K, reserved 1048576K
}
Event: 77.743 GC heap before
{Heap before GC invocations=70 (full 0):
 garbage-first heap   total 468992K, used 376660K [0x0000000700000000, 0x0000000800000000)
  region size 2048K, 96 young (196608K), 1 survivors (2048K)
 Metaspace       used 134691K, committed 135616K, reserved 1179648K
  class space    used 17749K, committed 18176K, reserved 1048576K
}
Event: 77.747 GC heap after
{Heap after GC invocations=71 (full 0):
 garbage-first heap   total 468992K, used 187980K [0x0000000700000000, 0x0000000800000000)
  region size 2048K, 4 young (8192K), 4 survivors (8192K)
 Metaspace       used 134691K, committed 135616K, reserved 1179648K
  class space    used 17749K, committed 18176K, reserved 1048576K
}
Event: 77.770 GC heap before
{Heap before GC invocations=71 (full 0):
 garbage-first heap   total 468992K, used 202316K [0x0000000700000000, 0x0000000800000000)
  region size 2048K, 11 young (22528K), 4 survivors (8192K)
 Metaspace       used 134691K, committed 135616K, reserved 1179648K
  class space    used 17749K, committed 18176K, reserved 1048576K
}

