# JRE version: OpenJDK Runtime Environment (17.0.10) (build 17.0.10+0--11572160)
# Java VM: OpenJDK 64-Bit Server VM (17.0.10+0--11572160, mixed mode, tiered, compressed oops, compressed class ptrs, g1 gc, windows-amd64)
GC Precious Log:
 CPUs: 4 total, 4 available
 Memory: 6051M
 Large Page Support: Disabled
 NUMA Support: Disabled
 Compressed Oops: Enabled (Zero based)
 Heap Region Size: 2M
 Heap Min Capacity: 8M
 Heap Initial Capacity: 96M
 Heap Max Capacity: 4G
 Pre-touch: Disabled
 Parallel Workers: 4
 Concurrent Workers: 1
 Concurrent Refinement Workers: 4
 Periodic GC: Disabled
Heap:
 garbage-first heap   total 69632K, used 36475K [0x0000000700000000, 0x0000000800000000)
  region size 2048K, 1 young (2048K), 1 survivors (2048K)
 Metaspace       used 61480K, committed 62016K, reserved 1114112K
  class space    used 8339K, committed 8576K, reserved 1048576K
GC Heap History (20 events):
Event: 13.064 GC heap after
{Heap after GC invocations=11 (full 0):
 garbage-first heap   total 69632K, used 29433K [0x0000000700000000, 0x0000000800000000)
  region size 2048K, 2 young (4096K), 2 survivors (4096K)
 Metaspace       used 41981K, committed 42304K, reserved 1114112K
  class space    used 5453K, committed 5568K, reserved 1048576K
}
Event: 14.073 GC heap before
{Heap before GC invocations=11 (full 0):
 garbage-first heap   total 69632K, used 49913K [0x0000000700000000, 0x0000000800000000)
  region size 2048K, 12 young (24576K), 2 survivors (4096K)
 Metaspace       used 43453K, committed 43904K, reserved 1114112K
  class space    used 5700K, committed 5888K, reserved 1048576K
}
Event: 14.081 GC heap after
{Heap after GC invocations=12 (full 0):
 garbage-first heap   total 69632K, used 30692K [0x0000000700000000, 0x0000000800000000)
  region size 2048K, 2 young (4096K), 2 survivors (4096K)
 Metaspace       used 43453K, committed 43904K, reserved 1114112K
  class space    used 5700K, committed 5888K, reserved 1048576K
}
Event: 15.169 GC heap before
{Heap before GC invocations=12 (full 0):
 garbage-first heap   total 69632K, used 51172K [0x0000000700000000, 0x0000000800000000)
  region size 2048K, 13 young (26624K), 2 survivors (4096K)
 Metaspace       used 45792K, committed 46272K, reserved 1114112K
  class space    used 5974K, committed 6208K, reserved 1048576K
}
Event: 15.178 GC heap after
{Heap after GC invocations=13 (full 0):
 garbage-first heap   total 69632K, used 31731K [0x0000000700000000, 0x0000000800000000)
  region size 2048K, 2 young (4096K), 2 survivors (4096K)
 Metaspace       used 45792K, committed 46272K, reserved 1114112K
  class space    used 5974K, committed 6208K, reserved 1048576K
}
Event: 16.307 GC heap before
{Heap before GC invocations=13 (full 0):
 garbage-first heap   total 69632K, used 52211K [0x0000000700000000, 0x0000000800000000)
  region size 2048K, 12 young (24576K), 2 survivors (4096K)
 Metaspace       used 48365K, committed 48832K, reserved 1114112K
  class space    used 6394K, committed 6592K, reserved 1048576K
}
Event: 16.314 GC heap after
{Heap after GC invocations=14 (full 0):
 garbage-first heap   total 69632K, used 32958K [0x0000000700000000, 0x0000000800000000)
  region size 2048K, 2 young (4096K), 2 survivors (4096K)
 Metaspace       used 48365K, committed 48832K, reserved 1114112K
  class space    used 6394K, committed 6592K, reserved 1048576K
}
Event: 17.011 GC heap before
{Heap before GC invocations=14 (full 0):
 garbage-first heap   total 69632K, used 51390K [0x0000000700000000, 0x0000000800000000)
  region size 2048K, 11 young (22528K), 2 survivors (4096K)
 Metaspace       used 51362K, committed 51840K, reserved 1114112K
  class space    used 6873K, committed 7104K, reserved 1048576K
}
Event: 17.017 GC heap after
{Heap after GC invocations=15 (full 0):
 garbage-first heap   total 69632K, used 33874K [0x0000000700000000, 0x0000000800000000)
  region size 2048K, 2 young (4096K), 2 survivors (4096K)
 Metaspace       used 51362K, committed 51840K, reserved 1114112K
  class space    used 6873K, committed 7104K, reserved 1048576K
}
Event: 17.709 GC heap before
{Heap before GC invocations=16 (full 0):
 garbage-first heap   total 69632K, used 52306K [0x0000000700000000, 0x0000000800000000)
  region size 2048K, 11 young (22528K), 2 survivors (4096K)
 Metaspace       used 53512K, committed 54016K, reserved 1114112K
  class space    used 7212K, committed 7424K, reserved 1048576K
}
Event: 17.719 GC heap after
{Heap after GC invocations=17 (full 0):
 garbage-first heap   total 69632K, used 34741K [0x0000000700000000, 0x0000000800000000)
  region size 2048K, 2 young (4096K), 2 survivors (4096K)
 Metaspace       used 53512K, committed 54016K, reserved 1114112K
  class space    used 7212K, committed 7424K, reserved 1048576K
}
Event: 17.827 GC heap before
{Heap before GC invocations=17 (full 0):
 garbage-first heap   total 69632K, used 36789K [0x0000000700000000, 0x0000000800000000)
  region size 2048K, 3 young (6144K), 2 survivors (4096K)
 Metaspace       used 53850K, committed 54336K, reserved 1114112K
  class space    used 7244K, committed 7424K, reserved 1048576K
}
Event: 17.836 GC heap after
{Heap after GC invocations=18 (full 0):
 garbage-first heap   total 69632K, used 34465K [0x0000000700000000, 0x0000000800000000)
  region size 2048K, 1 young (2048K), 1 survivors (2048K)
 Metaspace       used 53850K, committed 54336K, reserved 1114112K
  class space    used 7244K, committed 7424K, reserved 1048576K
}
Event: 18.393 GC heap before
{Heap before GC invocations=18 (full 0):
 garbage-first heap   total 69632K, used 54945K [0x0000000700000000, 0x0000000800000000)
  region size 2048K, 11 young (22528K), 1 survivors (2048K)
 Metaspace       used 56507K, committed 56960K, reserved 1114112K
  class space    used 7608K, committed 7808K, reserved 1048576K
}
Event: 18.398 GC heap after
{Heap after GC invocations=19 (full 0):
 garbage-first heap   total 69632K, used 35287K [0x0000000700000000, 0x0000000800000000)
  region size 2048K, 1 young (2048K), 1 survivors (2048K)
 Metaspace       used 56507K, committed 56960K, reserved 1114112K
  class space    used 7608K, committed 7808K, reserved 1048576K
}
Event: 19.406 GC heap before
{Heap before GC invocations=20 (full 0):
 garbage-first heap   total 69632K, used 55767K [0x0000000700000000, 0x0000000800000000)
  region size 2048K, 11 young (22528K), 1 survivors (2048K)
 Metaspace       used 58722K, committed 59264K, reserved 1114112K
  class space    used 7910K, committed 8128K, reserved 1048576K
}
Event: 19.415 GC heap after
{Heap after GC invocations=21 (full 0):
 garbage-first heap   total 69632K, used 36095K [0x0000000700000000, 0x0000000800000000)
  region size 2048K, 2 young (4096K), 2 survivors (4096K)
 Metaspace       used 58722K, committed 59264K, reserved 1114112K
  class space    used 7910K, committed 8128K, reserved 1048576K
}
Event: 19.482 GC heap before
{Heap before GC invocations=21 (full 0):
 garbage-first heap   total 69632K, used 38143K [0x0000000700000000, 0x0000000800000000)
  region size 2048K, 3 young (6144K), 2 survivors (4096K)
 Metaspace       used 58956K, committed 59392K, reserved 1114112K
  class space    used 7949K, committed 8128K, reserved 1048576K
}
Event: 19.492 GC heap after
{Heap after GC invocations=22 (full 0):
 garbage-first heap   total 69632K, used 35692K [0x0000000700000000, 0x0000000800000000)
  region size 2048K, 1 young (2048K), 1 survivors (2048K)
 Metaspace       used 58956K, committed 59392K, reserved 1114112K
  class space    used 7949K, committed 8128K, reserved 1048576K
}
Event: 20.117 GC heap before
{Heap before GC invocations=22 (full 0):
 garbage-first heap   total 69632K, used 56172K [0x0000000700000000, 0x0000000800000000)
  region size 2048K, 11 young (22528K), 1 survivors (2048K)
 Metaspace       used 61480K, committed 62016K, reserved 1114112K
  class space    used 8339K, committed 8576K, reserved 1048576K
}

