# JRE version: OpenJDK Runtime Environment (17.0.10) (build 17.0.10+0--11572160)
# Java VM: OpenJDK 64-Bit Server VM (17.0.10+0--11572160, mixed mode, tiered, compressed oops, compressed class ptrs, g1 gc, windows-amd64)
GC Precious Log:
 CPUs: 4 total, 4 available
 Memory: 6051M
 Large Page Support: Disabled
 NUMA Support: Disabled
 Compressed Oops: Enabled (Zero based)
 Heap Region Size: 2M
 Heap Min Capacity: 8M
 Heap Initial Capacity: 96M
 Heap Max Capacity: 4G
 Pre-touch: Disabled
 Parallel Workers: 4
 Concurrent Workers: 1
 Concurrent Refinement Workers: 4
 Periodic GC: Disabled
Heap:
 garbage-first heap   total 772096K, used 168287K [0x0000000700000000, 0x0000000800000000)
  region size 2048K, 3 young (6144K), 3 survivors (6144K)
 Metaspace       used 124530K, committed 125568K, reserved 1179648K
  class space    used 16467K, committed 16960K, reserved 1048576K
GC Heap History (20 events):
Event: 6799.582 GC heap after
{Heap after GC invocations=99 (full 0):
 garbage-first heap   total 643072K, used 147921K [0x0000000700000000, 0x0000000800000000)
  region size 2048K, 2 young (4096K), 2 survivors (4096K)
 Metaspace       used 117588K, committed 118592K, reserved 1179648K
  class space    used 15686K, committed 16128K, reserved 1048576K
}
Event: 6819.028 GC heap before
{Heap before GC invocations=99 (full 0):
 garbage-first heap   total 643072K, used 215505K [0x0000000700000000, 0x0000000800000000)
  region size 2048K, 37 young (75776K), 2 survivors (4096K)
 Metaspace       used 117853K, committed 118912K, reserved 1179648K
  class space    used 15711K, committed 16192K, reserved 1048576K
}
Event: 6819.049 GC heap after
{Heap after GC invocations=100 (full 0):
 garbage-first heap   total 643072K, used 155227K [0x0000000700000000, 0x0000000800000000)
  region size 2048K, 6 young (12288K), 6 survivors (12288K)
 Metaspace       used 117853K, committed 118912K, reserved 1179648K
  class space    used 15711K, committed 16192K, reserved 1048576K
}
Event: 9429.665 GC heap before
{Heap before GC invocations=101 (full 0):
 garbage-first heap   total 643072K, used 599643K [0x0000000700000000, 0x0000000800000000)
  region size 2048K, 99 young (202752K), 6 survivors (12288K)
 Metaspace       used 118122K, committed 119168K, reserved 1179648K
  class space    used 15690K, committed 16192K, reserved 1048576K
}
Event: 9429.704 GC heap after
{Heap after GC invocations=102 (full 0):
 garbage-first heap   total 643072K, used 162138K [0x0000000700000000, 0x0000000800000000)
  region size 2048K, 9 young (18432K), 9 survivors (18432K)
 Metaspace       used 118122K, committed 119168K, reserved 1179648K
  class space    used 15690K, committed 16192K, reserved 1048576K
}
Event: 9429.814 GC heap before
{Heap before GC invocations=102 (full 0):
 garbage-first heap   total 643072K, used 172378K [0x0000000700000000, 0x0000000800000000)
  region size 2048K, 15 young (30720K), 9 survivors (18432K)
 Metaspace       used 118122K, committed 119168K, reserved 1179648K
  class space    used 15690K, committed 16192K, reserved 1048576K
}
Event: 9429.862 GC heap after
{Heap after GC invocations=103 (full 0):
 garbage-first heap   total 643072K, used 146630K [0x0000000700000000, 0x0000000800000000)
  region size 2048K, 2 young (4096K), 2 survivors (4096K)
 Metaspace       used 118122K, committed 119168K, reserved 1179648K
  class space    used 15690K, committed 16192K, reserved 1048576K
}
Event: 9443.975 GC heap before
{Heap before GC invocations=103 (full 0):
 garbage-first heap   total 643072K, used 255174K [0x0000000700000000, 0x0000000800000000)
  region size 2048K, 57 young (116736K), 2 survivors (4096K)
 Metaspace       used 118688K, committed 119680K, reserved 1179648K
  class space    used 15732K, committed 16192K, reserved 1048576K
}
Event: 9444.012 GC heap after
{Heap after GC invocations=104 (full 0):
 garbage-first heap   total 772096K, used 159328K [0x0000000700000000, 0x0000000800000000)
  region size 2048K, 8 young (16384K), 8 survivors (16384K)
 Metaspace       used 118688K, committed 119680K, reserved 1179648K
  class space    used 15732K, committed 16192K, reserved 1048576K
}
Event: 18777.072 GC heap before
{Heap before GC invocations=105 (full 0):
 garbage-first heap   total 772096K, used 718432K [0x0000000700000000, 0x0000000800000000)
  region size 2048K, 158 young (323584K), 8 survivors (16384K)
 Metaspace       used 118896K, committed 120000K, reserved 1179648K
  class space    used 15742K, committed 16256K, reserved 1048576K
}
Event: 18786.072 GC heap after
{Heap after GC invocations=106 (full 0):
 garbage-first heap   total 772096K, used 157953K [0x0000000700000000, 0x0000000800000000)
  region size 2048K, 8 young (16384K), 8 survivors (16384K)
 Metaspace       used 118896K, committed 120000K, reserved 1179648K
  class space    used 15742K, committed 16256K, reserved 1048576K
}
Event: 18797.837 GC heap before
{Heap before GC invocations=106 (full 0):
 garbage-first heap   total 772096K, used 176385K [0x0000000700000000, 0x0000000800000000)
  region size 2048K, 18 young (36864K), 8 survivors (16384K)
 Metaspace       used 118926K, committed 120000K, reserved 1179648K
  class space    used 15744K, committed 16256K, reserved 1048576K
}
Event: 18799.136 GC heap after
{Heap after GC invocations=107 (full 0):
 garbage-first heap   total 772096K, used 158478K [0x0000000700000000, 0x0000000800000000)
  region size 2048K, 3 young (6144K), 3 survivors (6144K)
 Metaspace       used 118926K, committed 120000K, reserved 1179648K
  class space    used 15744K, committed 16256K, reserved 1048576K
}
Event: 18812.586 GC heap before
{Heap before GC invocations=107 (full 0):
 garbage-first heap   total 772096K, used 187150K [0x0000000700000000, 0x0000000800000000)
  region size 2048K, 18 young (36864K), 3 survivors (6144K)
 Metaspace       used 124086K, committed 125120K, reserved 1179648K
  class space    used 16429K, committed 16896K, reserved 1048576K
}
Event: 18813.291 GC heap after
{Heap after GC invocations=108 (full 0):
 garbage-first heap   total 772096K, used 159519K [0x0000000700000000, 0x0000000800000000)
  region size 2048K, 3 young (6144K), 3 survivors (6144K)
 Metaspace       used 124086K, committed 125120K, reserved 1179648K
  class space    used 16429K, committed 16896K, reserved 1048576K
}
Event: 18817.962 GC heap before
{Heap before GC invocations=108 (full 0):
 garbage-first heap   total 772096K, used 190239K [0x0000000700000000, 0x0000000800000000)
  region size 2048K, 18 young (36864K), 3 survivors (6144K)
 Metaspace       used 124319K, committed 125376K, reserved 1179648K
  class space    used 16448K, committed 16960K, reserved 1048576K
}
Event: 18818.395 GC heap after
{Heap after GC invocations=109 (full 0):
 garbage-first heap   total 772096K, used 160867K [0x0000000700000000, 0x0000000800000000)
  region size 2048K, 3 young (6144K), 3 survivors (6144K)
 Metaspace       used 124319K, committed 125376K, reserved 1179648K
  class space    used 16448K, committed 16960K, reserved 1048576K
}
Event: 18819.911 GC heap before
{Heap before GC invocations=109 (full 0):
 garbage-first heap   total 772096K, used 191587K [0x0000000700000000, 0x0000000800000000)
  region size 2048K, 18 young (36864K), 3 survivors (6144K)
 Metaspace       used 124468K, committed 125504K, reserved 1179648K
  class space    used 16464K, committed 16960K, reserved 1048576K
}
Event: 18820.421 GC heap after
{Heap after GC invocations=110 (full 0):
 garbage-first heap   total 772096K, used 165044K [0x0000000700000000, 0x0000000800000000)
  region size 2048K, 3 young (6144K), 3 survivors (6144K)
 Metaspace       used 124468K, committed 125504K, reserved 1179648K
  class space    used 16464K, committed 16960K, reserved 1048576K
}
Event: 18833.642 GC heap before
{Heap before GC invocations=110 (full 0):
 garbage-first heap   total 772096K, used 193716K [0x0000000700000000, 0x0000000800000000)
  region size 2048K, 18 young (36864K), 3 survivors (6144K)
 Metaspace       used 124530K, committed 125568K, reserved 1179648K
  class space    used 16467K, committed 16960K, reserved 1048576K
}

